terraform apply "tfplan"                                                 ✔  5369  18:40:48
random_string.aws_stack_id: Creating...
  length:      "" => "16"
  lower:       "" => "true"
  min_lower:   "" => "0"
  min_numeric: "" => "0"
  min_special: "" => "0"
  min_upper:   "" => "0"
  number:      "" => "true"
  result:      "" => "<computed>"
  special:     "" => "false"
  upper:       "" => "true"
random_string.windows_password: Creating...
  keepers.%:          "" => "1"
  keepers.deployment: "" => "meetup42"
  length:             "" => "16"
  lower:              "" => "true"
  min_lower:          "" => "0"
  min_numeric:        "" => "0"
  min_special:        "" => "0"
  min_upper:          "" => "0"
  number:             "" => "true"
  result:             "" => "<computed>"
  special:            "" => "false"
  upper:              "" => "true"
random_string.ucp_password: Creating...
  keepers.%:          "" => "1"
  keepers.deployment: "" => "meetup42"
  length:             "" => "12"
  lower:              "" => "true"
  min_lower:          "" => "0"
  min_numeric:        "" => "0"
  min_special:        "" => "0"
  min_upper:          "" => "0"
  number:             "" => "true"
  result:             "" => "<computed>"
  special:            "" => "false"
  upper:              "" => "true"
random_string.aws_stack_id: Creation complete after 0s (ID: none)
random_string.windows_password: Creation complete after 0s (ID: none)
random_string.ucp_password: Creation complete after 0s (ID: none)
aws_s3_bucket.dtr_storage_bucket: Creating...
  acceleration_status:         "" => "<computed>"
  acl:                         "" => "private"
  arn:                         "" => "<computed>"
  bucket:                      "" => "<computed>"
  bucket_domain_name:          "" => "<computed>"
  bucket_prefix:               "" => "dtr"
  bucket_regional_domain_name: "" => "<computed>"
  force_destroy:               "" => "false"
  hosted_zone_id:              "" => "<computed>"
  region:                      "" => "<computed>"
  request_payer:               "" => "<computed>"
  tags.%:                      "" => "2"
  tags.Environment:            "" => "meetup42"
  tags.Name:                   "" => "meetup42-dtr-storage"
  versioning.#:                "" => "<computed>"
  website_domain:              "" => "<computed>"
  website_endpoint:            "" => "<computed>"
aws_s3_bucket.access-logs_storage_bucket: Creating...
  acceleration_status:         "" => "<computed>"
  acl:                         "" => "private"
  arn:                         "" => "<computed>"
  bucket:                      "" => "<computed>"
  bucket_domain_name:          "" => "<computed>"
  bucket_prefix:               "" => "access-logs"
  bucket_regional_domain_name: "" => "<computed>"
  force_destroy:               "" => "false"
  hosted_zone_id:              "" => "<computed>"
  region:                      "" => "<computed>"
  request_payer:               "" => "<computed>"
  tags.%:                      "" => "2"
  tags.Environment:            "" => "meetup42"
  tags.Name:                   "" => "meetup42-access-logs-bucket"
  versioning.#:                "" => "<computed>"
  website_domain:              "" => "<computed>"
  website_endpoint:            "" => "<computed>"
aws_iam_role.dtr_iam_role: Creating...
  arn:                   "" => "<computed>"
  assume_role_policy:    "" => "{\n  \"Version\": \"2012-10-17\",\n  \"Statement\": [\n    {\n      \"Action\": \"sts:AssumeRole\",\n      \"Principal\": {\n        \"Service\": \"ec2.amazonaws.com\"\n      },\n      \"Effect\": \"Allow\",\n      \"Sid\": \"\"\n    }\n  ]\n}\n"
  create_date:           "" => "<computed>"
  force_detach_policies: "" => "false"
  max_session_duration:  "" => "3600"
  name:                  "" => "meetup42_dtr_iam_role"
  path:                  "" => "/"
  unique_id:             "" => "<computed>"
aws_vpc.docker: Creating...
  arn:                              "" => "<computed>"
  assign_generated_ipv6_cidr_block: "" => "false"
  cidr_block:                       "" => "172.30.0.0/16"
  default_network_acl_id:           "" => "<computed>"
  default_route_table_id:           "" => "<computed>"
  default_security_group_id:        "" => "<computed>"
  dhcp_options_id:                  "" => "<computed>"
  enable_classiclink:               "" => "<computed>"
  enable_classiclink_dns_support:   "" => "<computed>"
  enable_dns_hostnames:             "" => "true"
  enable_dns_support:               "" => "true"
  instance_tenancy:                 "" => "default"
  ipv6_association_id:              "" => "<computed>"
  ipv6_cidr_block:                  "" => "<computed>"
  main_route_table_id:              "" => "<computed>"
  tags.%:                           "" => "1"
  tags.Name:                        "" => "meetup42-vpc"
aws_iam_role.dtr_iam_role: Creation complete after 1s (ID: meetup42_dtr_iam_role)
aws_iam_instance_profile.dtr_instance_profile: Creating...
  arn:         "" => "<computed>"
  create_date: "" => "<computed>"
  name:        "" => "meetup42_dtr_instance_profile"
  path:        "" => "/"
  role:        "" => "meetup42_dtr_iam_role"
  roles.#:     "" => "<computed>"
  unique_id:   "" => "<computed>"
aws_iam_instance_profile.dtr_instance_profile: Creation complete after 2s (ID: meetup42_dtr_instance_profile)
aws_s3_bucket.dtr_storage_bucket: Creation complete after 5s (ID: dtr20181029174054206200000002)
aws_iam_role_policy.dtr_iam_role_policy: Creating...
  name:   "" => "meetup42_dtr_iam_role_policy"
  policy: "" => "{\n  \"Version\": \"2012-10-17\",\n  \"Statement\": [\n    {\n      \"Effect\": \"Allow\",\n      \"Action\": [\n        \"ec2:CreateTags\",\n        \"ec2:DescribeTags\",\n\n        \"ec2:CreateSnapshot\",\n        \"ec2:DeleteSnapshot\",\n        \"ec2:DescribeSnapshots\",\n\n        \"ec2:CreateVolume\",\n        \"ec2:DeleteVolume\",\n        \"ec2:DescribeVolumes\",\n        \"ec2:AttachVolume\",\n        \"ec2:DetachVolume\",\n\n        \"logs:CreateLogStream\",\n        \"logs:PutLogEvents\",\n        \"cloudwatch:PutMetricData\"\n      ],\n      \"Resource\": \"*\"\n    },\n    {\n      \"Effect\": \"Allow\",\n      \"Action\": [\n        \"s3:ListBucket\",\n        \"s3:GetBucketLocation\",\n        \"s3:ListAllMyBuckets\",\n        \"s3:ListBucketMultipartUploads\"\n       ],\n      \"Resource\": [\"arn:aws:s3:::dtr20181029174054206200000002\"]\n    },\n    {\n      \"Effect\": \"Allow\",\n      \"Action\": [\n        \"s3:GetObject\",\n        \"s3:PutObject\",\n        \"s3:DeleteObject\",\n        \"s3:ListMultipartUploadParts\",\n        \"s3:AbortMultipartUpload\"\n      ],\n      \"Resource\": [\"arn:aws:s3:::dtr20181029174054206200000002/*\"]\n    }\n  ]\n}\n"
  role:   "" => "meetup42_dtr_iam_role"
data.template_file.extra_opts: Refreshing state...
aws_s3_bucket.access-logs_storage_bucket: Creation complete after 5s (ID: access-logs20181029174054206200000001)
aws_vpc.docker: Creation complete after 5s (ID: vpc-04f8cfe22abd71377)
aws_subnet.SubnetUCP[2]: Creating...
  arn:                             "" => "<computed>"
  assign_ipv6_address_on_creation: "" => "false"
  availability_zone:               "" => "eu-west-1c"
  cidr_block:                      "" => "172.30.6.0/24"
  ipv6_cidr_block:                 "" => "<computed>"
  ipv6_cidr_block_association_id:  "" => "<computed>"
  map_public_ip_on_launch:         "" => "true"
  tags.%:                          "" => "1"
  tags.Name:                       "" => "meetup42-SubnetUCP-3"
  vpc_id:                          "" => "vpc-04f8cfe22abd71377"
aws_internet_gateway.igw: Creating...
  tags.%:    "0" => "1"
  tags.Name: "" => "meetup42-igw"
  vpc_id:    "" => "vpc-04f8cfe22abd71377"
aws_subnet.SubnetExternal[1]: Creating...
  arn:                             "" => "<computed>"
  assign_ipv6_address_on_creation: "" => "false"
  availability_zone:               "" => "eu-west-1b"
  cidr_block:                      "" => "172.30.13.0/24"
  ipv6_cidr_block:                 "" => "<computed>"
  ipv6_cidr_block_association_id:  "" => "<computed>"
  map_public_ip_on_launch:         "" => "true"
  tags.%:                          "" => "1"
  tags.Name:                       "" => "meetup42-SubnetExternal-2"
  vpc_id:                          "" => "vpc-04f8cfe22abd71377"
aws_subnet.SubnetDTR[1]: Creating...
  arn:                             "" => "<computed>"
  assign_ipv6_address_on_creation: "" => "false"
  availability_zone:               "" => "eu-west-1b"
  cidr_block:                      "" => "172.30.9.0/24"
  ipv6_cidr_block:                 "" => "<computed>"
  ipv6_cidr_block_association_id:  "" => "<computed>"
  map_public_ip_on_launch:         "" => "true"
  tags.%:                          "" => "1"
  tags.Name:                       "" => "meetup42-SubnetDTR-2"
  vpc_id:                          "" => "vpc-04f8cfe22abd71377"
aws_subnet.SubnetDTR[2]: Creating...
  arn:                             "" => "<computed>"
  assign_ipv6_address_on_creation: "" => "false"
  availability_zone:               "" => "eu-west-1c"
  cidr_block:                      "" => "172.30.10.0/24"
  ipv6_cidr_block:                 "" => "<computed>"
  ipv6_cidr_block_association_id:  "" => "<computed>"
  map_public_ip_on_launch:         "" => "true"
  tags.%:                          "" => "1"
  tags.Name:                       "" => "meetup42-SubnetDTR-3"
  vpc_id:                          "" => "vpc-04f8cfe22abd71377"
aws_subnet.SubnetUCP[0]: Creating...
  arn:                             "" => "<computed>"
  assign_ipv6_address_on_creation: "" => "false"
  availability_zone:               "" => "eu-west-1a"
  cidr_block:                      "" => "172.30.4.0/24"
  ipv6_cidr_block:                 "" => "<computed>"
  ipv6_cidr_block_association_id:  "" => "<computed>"
  map_public_ip_on_launch:         "" => "true"
  tags.%:                          "" => "1"
  tags.Name:                       "" => "meetup42-SubnetUCP-1"
  vpc_id:                          "" => "vpc-04f8cfe22abd71377"
aws_subnet.SubnetExternal[2]: Creating...
  arn:                             "" => "<computed>"
  assign_ipv6_address_on_creation: "" => "false"
  availability_zone:               "" => "eu-west-1c"
  cidr_block:                      "" => "172.30.14.0/24"
  ipv6_cidr_block:                 "" => "<computed>"
  ipv6_cidr_block_association_id:  "" => "<computed>"
  map_public_ip_on_launch:         "" => "true"
  tags.%:                          "" => "1"
  tags.Name:                       "" => "meetup42-SubnetExternal-3"
  vpc_id:                          "" => "vpc-04f8cfe22abd71377"
aws_security_group.elb: Creating...
  arn:                                   "" => "<computed>"
  description:                           "" => "Default Security Group for Docker EE ELBs"
  egress.#:                              "" => "1"
  egress.482069346.cidr_blocks.#:        "" => "1"
  egress.482069346.cidr_blocks.0:        "" => "0.0.0.0/0"
  egress.482069346.description:          "" => ""
  egress.482069346.from_port:            "" => "0"
  egress.482069346.ipv6_cidr_blocks.#:   "" => "0"
  egress.482069346.prefix_list_ids.#:    "" => "0"
  egress.482069346.protocol:             "" => "-1"
  egress.482069346.security_groups.#:    "" => "0"
  egress.482069346.self:                 "" => "false"
  egress.482069346.to_port:              "" => "0"
  ingress.#:                             "" => "2"
  ingress.1463360607.cidr_blocks.#:      "" => "1"
  ingress.1463360607.cidr_blocks.0:      "" => "0.0.0.0/0"
  ingress.1463360607.description:        "" => ""
  ingress.1463360607.from_port:          "" => "6443"
  ingress.1463360607.ipv6_cidr_blocks.#: "" => "0"
  ingress.1463360607.prefix_list_ids.#:  "" => "0"
  ingress.1463360607.protocol:           "" => "tcp"
  ingress.1463360607.security_groups.#:  "" => "0"
  ingress.1463360607.self:               "" => "false"
  ingress.1463360607.to_port:            "" => "6443"
  ingress.2617001939.cidr_blocks.#:      "" => "1"
  ingress.2617001939.cidr_blocks.0:      "" => "0.0.0.0/0"
  ingress.2617001939.description:        "" => ""
  ingress.2617001939.from_port:          "" => "443"
  ingress.2617001939.ipv6_cidr_blocks.#: "" => "0"
  ingress.2617001939.prefix_list_ids.#:  "" => "0"
  ingress.2617001939.protocol:           "" => "tcp"
  ingress.2617001939.security_groups.#:  "" => "0"
  ingress.2617001939.self:               "" => "false"
  ingress.2617001939.to_port:            "" => "443"
  name:                                  "" => "meetup42_elb-default"
  owner_id:                              "" => "<computed>"
  revoke_rules_on_delete:                "" => "false"
  tags.%:                                "" => "1"
  tags.Name:                             "" => "meetup42-elb-default-sg"
  vpc_id:                                "" => "vpc-04f8cfe22abd71377"
aws_security_group.apps: Creating...
  arn:                                   "" => "<computed>"
  description:                           "" => "Default Security Group for Docker EE applications"
  egress.#:                              "" => "1"
  egress.482069346.cidr_blocks.#:        "" => "1"
  egress.482069346.cidr_blocks.0:        "" => "0.0.0.0/0"
  egress.482069346.description:          "" => ""
  egress.482069346.from_port:            "" => "0"
  egress.482069346.ipv6_cidr_blocks.#:   "" => "0"
  egress.482069346.prefix_list_ids.#:    "" => "0"
  egress.482069346.protocol:             "" => "-1"
  egress.482069346.security_groups.#:    "" => "0"
  egress.482069346.self:                 "" => "false"
  egress.482069346.to_port:              "" => "0"
  ingress.#:                             "" => "2"
  ingress.2617001939.cidr_blocks.#:      "" => "1"
  ingress.2617001939.cidr_blocks.0:      "" => "0.0.0.0/0"
  ingress.2617001939.description:        "" => ""
  ingress.2617001939.from_port:          "" => "443"
  ingress.2617001939.ipv6_cidr_blocks.#: "" => "0"
  ingress.2617001939.prefix_list_ids.#:  "" => "0"
  ingress.2617001939.protocol:           "" => "tcp"
  ingress.2617001939.security_groups.#:  "" => "0"
  ingress.2617001939.self:               "" => "false"
  ingress.2617001939.to_port:            "" => "443"
  ingress.516175195.cidr_blocks.#:       "" => "1"
  ingress.516175195.cidr_blocks.0:       "" => "0.0.0.0/0"
  ingress.516175195.description:         "" => ""
  ingress.516175195.from_port:           "" => "8080"
  ingress.516175195.ipv6_cidr_blocks.#:  "" => "0"
  ingress.516175195.prefix_list_ids.#:   "" => "0"
  ingress.516175195.protocol:            "" => "tcp"
  ingress.516175195.security_groups.#:   "" => "0"
  ingress.516175195.self:                "" => "false"
  ingress.516175195.to_port:             "" => "8080"
  name:                                  "" => "meetup42_apps-default"
  owner_id:                              "" => "<computed>"
  revoke_rules_on_delete:                "" => "false"
  tags.%:                                "" => "1"
  tags.Name:                             "" => "meetup42-apps-default-sg"
  vpc_id:                                "" => "vpc-04f8cfe22abd71377"
aws_iam_role_policy.dtr_iam_role_policy: Creation complete after 0s (ID: meetup42_dtr_iam_role:meetup42_dtr_iam_role_policy)
aws_subnet.SubnetSwarm[0]: Creating...
  arn:                             "" => "<computed>"
  assign_ipv6_address_on_creation: "" => "false"
  availability_zone:               "" => "eu-west-1a"
  cidr_block:                      "" => "172.30.0.0/24"
  ipv6_cidr_block:                 "" => "<computed>"
  ipv6_cidr_block_association_id:  "" => "<computed>"
  map_public_ip_on_launch:         "" => "true"
  tags.%:                          "" => "1"
  tags.Name:                       "" => "meetup42-SubnetSwarm-1"
  vpc_id:                          "" => "vpc-04f8cfe22abd71377"
aws_internet_gateway.igw: Creation complete after 2s (ID: igw-0627babe47439e378)
aws_security_group.dtr: Creating...
  arn:                                   "" => "<computed>"
  description:                           "" => "Default Security Group for Docker EE DTR ELB"
  egress.#:                              "" => "1"
  egress.482069346.cidr_blocks.#:        "" => "1"
  egress.482069346.cidr_blocks.0:        "" => "0.0.0.0/0"
  egress.482069346.description:          "" => ""
  egress.482069346.from_port:            "" => "0"
  egress.482069346.ipv6_cidr_blocks.#:   "" => "0"
  egress.482069346.prefix_list_ids.#:    "" => "0"
  egress.482069346.protocol:             "" => "-1"
  egress.482069346.security_groups.#:    "" => "0"
  egress.482069346.self:                 "" => "false"
  egress.482069346.to_port:              "" => "0"
  ingress.#:                             "" => "2"
  ingress.2214680975.cidr_blocks.#:      "" => "1"
  ingress.2214680975.cidr_blocks.0:      "" => "0.0.0.0/0"
  ingress.2214680975.description:        "" => ""
  ingress.2214680975.from_port:          "" => "80"
  ingress.2214680975.ipv6_cidr_blocks.#: "" => "0"
  ingress.2214680975.prefix_list_ids.#:  "" => "0"
  ingress.2214680975.protocol:           "" => "tcp"
  ingress.2214680975.security_groups.#:  "" => "0"
  ingress.2214680975.self:               "" => "false"
  ingress.2214680975.to_port:            "" => "80"
  ingress.2617001939.cidr_blocks.#:      "" => "1"
  ingress.2617001939.cidr_blocks.0:      "" => "0.0.0.0/0"
  ingress.2617001939.description:        "" => ""
  ingress.2617001939.from_port:          "" => "443"
  ingress.2617001939.ipv6_cidr_blocks.#: "" => "0"
  ingress.2617001939.prefix_list_ids.#:  "" => "0"
  ingress.2617001939.protocol:           "" => "tcp"
  ingress.2617001939.security_groups.#:  "" => "0"
  ingress.2617001939.self:               "" => "false"
  ingress.2617001939.to_port:            "" => "443"
  name:                                  "" => "meetup42_dtr-default"
  owner_id:                              "" => "<computed>"
  revoke_rules_on_delete:                "" => "false"
  tags.%:                                "" => "1"
  tags.Name:                             "" => "meetup42-dtr-default-sg"
  vpc_id:                                "" => "vpc-04f8cfe22abd71377"
aws_subnet.SubnetDTR[2]: Creation complete after 2s (ID: subnet-05d3bc22669d6be54)
aws_subnet.SubnetUCP[2]: Creation complete after 2s (ID: subnet-07f5ddebee06ba8f6)
aws_subnet.SubnetSwarm[1]: Creating...
  arn:                             "" => "<computed>"
  assign_ipv6_address_on_creation: "" => "false"
  availability_zone:               "" => "eu-west-1b"
  cidr_block:                      "" => "172.30.1.0/24"
  ipv6_cidr_block:                 "" => "<computed>"
  ipv6_cidr_block_association_id:  "" => "<computed>"
  map_public_ip_on_launch:         "" => "true"
  tags.%:                          "" => "1"
  tags.Name:                       "" => "meetup42-SubnetSwarm-2"
  vpc_id:                          "" => "vpc-04f8cfe22abd71377"
aws_security_group.ddc: Creating...
  arn:                                   "" => "<computed>"
  description:                           "" => "Default Security Group for Docker EE"
  egress.#:                              "" => "1"
  egress.482069346.cidr_blocks.#:        "" => "1"
  egress.482069346.cidr_blocks.0:        "" => "0.0.0.0/0"
  egress.482069346.description:          "" => ""
  egress.482069346.from_port:            "" => "0"
  egress.482069346.ipv6_cidr_blocks.#:   "" => "0"
  egress.482069346.prefix_list_ids.#:    "" => "0"
  egress.482069346.protocol:             "" => "-1"
  egress.482069346.security_groups.#:    "" => "0"
  egress.482069346.self:                 "" => "false"
  egress.482069346.to_port:              "" => "0"
  ingress.#:                             "" => "9"
  ingress.1138479083.cidr_blocks.#:      "" => "1"
  ingress.1138479083.cidr_blocks.0:      "" => "0.0.0.0/0"
  ingress.1138479083.description:        "" => ""
  ingress.1138479083.from_port:          "" => "5985"
  ingress.1138479083.ipv6_cidr_blocks.#: "" => "0"
  ingress.1138479083.prefix_list_ids.#:  "" => "0"
  ingress.1138479083.protocol:           "" => "tcp"
  ingress.1138479083.security_groups.#:  "" => "0"
  ingress.1138479083.self:               "" => "false"
  ingress.1138479083.to_port:            "" => "5985"
  ingress.2223400681.cidr_blocks.#:      "" => "1"
  ingress.2223400681.cidr_blocks.0:      "" => "0.0.0.0/0"
  ingress.2223400681.description:        "" => ""
  ingress.2223400681.from_port:          "" => "3389"
  ingress.2223400681.ipv6_cidr_blocks.#: "" => "0"
  ingress.2223400681.prefix_list_ids.#:  "" => "0"
  ingress.2223400681.protocol:           "" => "tcp"
  ingress.2223400681.security_groups.#:  "" => "0"
  ingress.2223400681.self:               "" => "false"
  ingress.2223400681.to_port:            "" => "3389"
  ingress.2541437006.cidr_blocks.#:      "" => "1"
  ingress.2541437006.cidr_blocks.0:      "" => "0.0.0.0/0"
  ingress.2541437006.description:        "" => ""
  ingress.2541437006.from_port:          "" => "22"
  ingress.2541437006.ipv6_cidr_blocks.#: "" => "0"
  ingress.2541437006.prefix_list_ids.#:  "" => "0"
  ingress.2541437006.protocol:           "" => "tcp"
  ingress.2541437006.security_groups.#:  "" => "0"
  ingress.2541437006.self:               "" => "false"
  ingress.2541437006.to_port:            "" => "22"
  ingress.2617001939.cidr_blocks.#:      "" => "1"
  ingress.2617001939.cidr_blocks.0:      "" => "0.0.0.0/0"
  ingress.2617001939.description:        "" => ""
  ingress.2617001939.from_port:          "" => "443"
  ingress.2617001939.ipv6_cidr_blocks.#: "" => "0"
  ingress.2617001939.prefix_list_ids.#:  "" => "0"
  ingress.2617001939.protocol:           "" => "tcp"
  ingress.2617001939.security_groups.#:  "" => "0"
  ingress.2617001939.self:               "" => "false"
  ingress.2617001939.to_port:            "" => "443"
  ingress.3375845224.cidr_blocks.#:      "" => "1"
  ingress.3375845224.cidr_blocks.0:      "" => "0.0.0.0/0"
  ingress.3375845224.description:        "" => ""
  ingress.3375845224.from_port:          "" => "5986"
  ingress.3375845224.ipv6_cidr_blocks.#: "" => "0"
  ingress.3375845224.prefix_list_ids.#:  "" => "0"
  ingress.3375845224.protocol:           "" => "tcp"
  ingress.3375845224.security_groups.#:  "" => "0"
  ingress.3375845224.self:               "" => "false"
  ingress.3375845224.to_port:            "" => "5986"
  ingress.3644727299.cidr_blocks.#:      "" => "1"
  ingress.3644727299.cidr_blocks.0:      "" => "172.30.0.0/16"
  ingress.3644727299.description:        "" => ""
  ingress.3644727299.from_port:          "" => "6443"
  ingress.3644727299.ipv6_cidr_blocks.#: "" => "0"
  ingress.3644727299.prefix_list_ids.#:  "" => "0"
  ingress.3644727299.protocol:           "" => "tcp"
  ingress.3644727299.security_groups.#:  "" => "0"
  ingress.3644727299.self:               "" => "false"
  ingress.3644727299.to_port:            "" => "6443"
  ingress.3956752459.cidr_blocks.#:      "" => "1"
  ingress.3956752459.cidr_blocks.0:      "" => "172.30.0.0/16"
  ingress.3956752459.description:        "" => ""
  ingress.3956752459.from_port:          "" => "2049"
  ingress.3956752459.ipv6_cidr_blocks.#: "" => "0"
  ingress.3956752459.prefix_list_ids.#:  "" => "0"
  ingress.3956752459.protocol:           "" => "tcp"
  ingress.3956752459.security_groups.#:  "" => "0"
  ingress.3956752459.self:               "" => "false"
  ingress.3956752459.to_port:            "" => "2049"
  ingress.474725826.cidr_blocks.#:       "" => "1"
  ingress.474725826.cidr_blocks.0:       "" => "172.30.0.0/16"
  ingress.474725826.description:         "" => ""
  ingress.474725826.from_port:           "" => "2049"
  ingress.474725826.ipv6_cidr_blocks.#:  "" => "0"
  ingress.474725826.prefix_list_ids.#:   "" => "0"
  ingress.474725826.protocol:            "" => "udp"
  ingress.474725826.security_groups.#:   "" => "0"
  ingress.474725826.self:                "" => "false"
  ingress.474725826.to_port:             "" => "2049"
  ingress.753360330.cidr_blocks.#:       "" => "0"
  ingress.753360330.description:         "" => ""
  ingress.753360330.from_port:           "" => "0"
  ingress.753360330.ipv6_cidr_blocks.#:  "" => "0"
  ingress.753360330.prefix_list_ids.#:   "" => "0"
  ingress.753360330.protocol:            "" => "-1"
  ingress.753360330.security_groups.#:   "" => "0"
  ingress.753360330.self:                "" => "true"
  ingress.753360330.to_port:             "" => "0"
  name:                                  "" => "meetup42_ddc-default"
  owner_id:                              "" => "<computed>"
  revoke_rules_on_delete:                "" => "false"
  tags.%:                                "" => "1"
  tags.Name:                             "" => "meetup42-ddc-default-sg"
  vpc_id:                                "" => "vpc-04f8cfe22abd71377"
aws_subnet.SubnetExternal[2]: Creation complete after 2s (ID: subnet-0d3065a03ede8708e)
aws_subnet.SubnetUCP[1]: Creating...
  arn:                             "" => "<computed>"
  assign_ipv6_address_on_creation: "" => "false"
  availability_zone:               "" => "eu-west-1b"
  cidr_block:                      "" => "172.30.5.0/24"
  ipv6_cidr_block:                 "" => "<computed>"
  ipv6_cidr_block_association_id:  "" => "<computed>"
  map_public_ip_on_launch:         "" => "true"
  tags.%:                          "" => "1"
  tags.Name:                       "" => "meetup42-SubnetUCP-2"
  vpc_id:                          "" => "vpc-04f8cfe22abd71377"
aws_subnet.SubnetUCP[0]: Creation complete after 2s (ID: subnet-0e23aab3f9b5b7a76)
aws_subnet.SubnetSwarm[2]: Creating...
  arn:                             "" => "<computed>"
  assign_ipv6_address_on_creation: "" => "false"
  availability_zone:               "" => "eu-west-1c"
  cidr_block:                      "" => "172.30.2.0/24"
  ipv6_cidr_block:                 "" => "<computed>"
  ipv6_cidr_block_association_id:  "" => "<computed>"
  map_public_ip_on_launch:         "" => "true"
  tags.%:                          "" => "1"
  tags.Name:                       "" => "meetup42-SubnetSwarm-3"
  vpc_id:                          "" => "vpc-04f8cfe22abd71377"
aws_subnet.SubnetDTR[1]: Creation complete after 2s (ID: subnet-05131ab6fb9ad5aaa)
aws_subnet.SubnetExternal[1]: Creation complete after 2s (ID: subnet-0ffec08a3756319ec)
aws_subnet.SubnetExternal[0]: Creating...
  arn:                             "" => "<computed>"
  assign_ipv6_address_on_creation: "" => "false"
  availability_zone:               "" => "eu-west-1a"
  cidr_block:                      "" => "172.30.12.0/24"
  ipv6_cidr_block:                 "" => "<computed>"
  ipv6_cidr_block_association_id:  "" => "<computed>"
  map_public_ip_on_launch:         "" => "true"
  tags.%:                          "" => "1"
  tags.Name:                       "" => "meetup42-SubnetExternal-1"
  vpc_id:                          "" => "vpc-04f8cfe22abd71377"
aws_subnet.SubnetDTR[0]: Creating...
  arn:                             "" => "<computed>"
  assign_ipv6_address_on_creation: "" => "false"
  availability_zone:               "" => "eu-west-1a"
  cidr_block:                      "" => "172.30.8.0/24"
  ipv6_cidr_block:                 "" => "<computed>"
  ipv6_cidr_block_association_id:  "" => "<computed>"
  map_public_ip_on_launch:         "" => "true"
  tags.%:                          "" => "1"
  tags.Name:                       "" => "meetup42-SubnetDTR-1"
  vpc_id:                          "" => "vpc-04f8cfe22abd71377"
aws_subnet.SubnetSwarm[0]: Creation complete after 2s (ID: subnet-05d0b0646b3c99edc)
aws_eip.natgw: Creating...
  allocation_id:     "" => "<computed>"
  association_id:    "" => "<computed>"
  domain:            "" => "<computed>"
  instance:          "" => "<computed>"
  network_interface: "" => "<computed>"
  private_ip:        "" => "<computed>"
  public_ip:         "" => "<computed>"
  tags.%:            "" => "1"
  tags.Name:         "" => "meetup42-ngw-eip"
  vpc:               "" => "true"
aws_security_group.elb: Creation complete after 3s (ID: sg-05b69d928f137bd57)
aws_route_table.public_route: Creating...
  propagating_vgws.#:                        "" => "<computed>"
  route.#:                                   "" => "1"
  route.243227974.cidr_block:                "" => "0.0.0.0/0"
  route.243227974.egress_only_gateway_id:    "" => ""
  route.243227974.gateway_id:                "" => "igw-0627babe47439e378"
  route.243227974.instance_id:               "" => ""
  route.243227974.ipv6_cidr_block:           "" => ""
  route.243227974.nat_gateway_id:            "" => ""
  route.243227974.network_interface_id:      "" => ""
  route.243227974.vpc_peering_connection_id: "" => ""
  tags.%:                                    "" => "1"
  tags.Name:                                 "" => "meetup42-pub-route"
  vpc_id:                                    "" => "vpc-04f8cfe22abd71377"
aws_security_group.apps: Creation complete after 3s (ID: sg-0635a01a3aaff6629)
aws_eip.natgw: Creation complete after 2s (ID: eipalloc-0a1b56e5022963497)
aws_subnet.SubnetSwarm[2]: Creation complete after 2s (ID: subnet-030662562bf984ca5)
aws_subnet.SubnetUCP[1]: Creation complete after 2s (ID: subnet-0ff0dd5a70706cb7e)
aws_subnet.SubnetDTR[0]: Creation complete after 2s (ID: subnet-0828c4fb2ee6639ee)
aws_subnet.SubnetExternal[0]: Creation complete after 2s (ID: subnet-02b16b7ccbc728a84)
aws_subnet.SubnetSwarm[1]: Creation complete after 2s (ID: subnet-024c89613bd8752af)
aws_route_table.public_route: Creation complete after 2s (ID: rtb-0fc75909d8b33ad9f)
aws_route_table_association.rta_public_subnetdtr[2]: Creating...
  route_table_id: "" => "rtb-0fc75909d8b33ad9f"
  subnet_id:      "" => "subnet-05d3bc22669d6be54"
aws_route_table_association.rta_pub_subnetswarm[0]: Creating...
  route_table_id: "" => "rtb-0fc75909d8b33ad9f"
  subnet_id:      "" => "subnet-05d0b0646b3c99edc"
aws_route_table_association.rta_public_subnetdtr[0]: Creating...
  route_table_id: "" => "rtb-0fc75909d8b33ad9f"
  subnet_id:      "" => "subnet-0828c4fb2ee6639ee"
aws_route_table_association.rta_public_subnetexternal[0]: Creating...
  route_table_id: "" => "rtb-0fc75909d8b33ad9f"
  subnet_id:      "" => "subnet-02b16b7ccbc728a84"
aws_main_route_table_association.main_route_table: Creating...
  original_route_table_id: "" => "<computed>"
  route_table_id:          "" => "rtb-0fc75909d8b33ad9f"
  vpc_id:                  "" => "vpc-04f8cfe22abd71377"
aws_route_table_association.rta_public_subnetexternal[2]: Creating...
  route_table_id: "" => "rtb-0fc75909d8b33ad9f"
  subnet_id:      "" => "subnet-0d3065a03ede8708e"
aws_route_table_association.rta_public_subnetucp[0]: Creating...
  route_table_id: "" => "rtb-0fc75909d8b33ad9f"
  subnet_id:      "" => "subnet-0e23aab3f9b5b7a76"
aws_route_table_association.rta_public_subnetdtr[1]: Creating...
  route_table_id: "" => "rtb-0fc75909d8b33ad9f"
  subnet_id:      "" => "subnet-05131ab6fb9ad5aaa"
aws_security_group.dtr: Creation complete after 3s (ID: sg-039790dcbcb662330)
aws_route_table_association.rta_pub_subnetswarm[2]: Creating...
  route_table_id: "" => "rtb-0fc75909d8b33ad9f"
  subnet_id:      "" => "subnet-030662562bf984ca5"
aws_route_table_association.rta_public_subnetucp[0]: Creation complete after 1s (ID: rtbassoc-093cf40d91a13e15e)
aws_route_table_association.rta_public_subnetucp[1]: Creating...
  route_table_id: "" => "rtb-0fc75909d8b33ad9f"
  subnet_id:      "" => "subnet-0ff0dd5a70706cb7e"
aws_route_table_association.rta_public_subnetexternal[2]: Creation complete after 1s (ID: rtbassoc-001136c828c09fa27)
aws_route_table_association.rta_public_subnetexternal[1]: Creating...
  route_table_id: "" => "rtb-0fc75909d8b33ad9f"
  subnet_id:      "" => "subnet-0ffec08a3756319ec"
aws_route_table_association.rta_public_subnetdtr[1]: Creation complete after 1s (ID: rtbassoc-0ff7e2f260c919caa)
aws_route_table_association.rta_pub_subnetswarm[1]: Creating...
  route_table_id: "" => "rtb-0fc75909d8b33ad9f"
  subnet_id:      "" => "subnet-024c89613bd8752af"
aws_route_table_association.rta_public_subnetexternal[0]: Creation complete after 1s (ID: rtbassoc-0c45c5abfddfdcbb4)
aws_route_table_association.rta_public_subnetucp[2]: Creating...
  route_table_id: "" => "rtb-0fc75909d8b33ad9f"
  subnet_id:      "" => "subnet-07f5ddebee06ba8f6"
aws_route_table_association.rta_public_subnetdtr[0]: Creation complete after 1s (ID: rtbassoc-0d5664f61d61e52cb)
aws_route_table_association.rta_pub_subnetswarm[2]: Creation complete after 1s (ID: rtbassoc-08d8b62b9727bb120)
aws_route_table_association.rta_public_subnetdtr[2]: Creation complete after 1s (ID: rtbassoc-02cf248c294bca119)
aws_security_group.ddc: Creation complete after 4s (ID: sg-0a212a2b254d9c347)
aws_instance.ucp_worker_linux: Creating...
  ami:                                               "" => "ami-0d063c6b"
  arn:                                               "" => "<computed>"
  associate_public_ip_address:                       "" => "true"
  availability_zone:                                 "" => "<computed>"
  cpu_core_count:                                    "" => "<computed>"
  cpu_threads_per_core:                              "" => "<computed>"
  ebs_block_device.#:                                "" => "1"
  ebs_block_device.4023988449.delete_on_termination: "" => "true"
  ebs_block_device.4023988449.device_name:           "" => "/dev/xvdf"
  ebs_block_device.4023988449.encrypted:             "" => "<computed>"
  ebs_block_device.4023988449.snapshot_id:           "" => "<computed>"
  ebs_block_device.4023988449.volume_id:             "" => "<computed>"
  ebs_block_device.4023988449.volume_size:           "" => "8"
  ebs_block_device.4023988449.volume_type:           "" => "gp2"
  ebs_optimized:                                     "" => "false"
  ephemeral_block_device.#:                          "" => "<computed>"
  get_password_data:                                 "" => "false"
  iam_instance_profile:                              "" => "meetup42_dtr_instance_profile"
  instance_state:                                    "" => "<computed>"
  instance_type:                                     "" => "m4.large"
  ipv6_address_count:                                "" => "<computed>"
  ipv6_addresses.#:                                  "" => "<computed>"
  key_name:                                          "" => "ydaniel"
  network_interface.#:                               "" => "<computed>"
  network_interface_id:                              "" => "<computed>"
  password_data:                                     "" => "<computed>"
  placement_group:                                   "" => "<computed>"
  primary_network_interface_id:                      "" => "<computed>"
  private_dns:                                       "" => "<computed>"
  private_ip:                                        "" => "<computed>"
  public_dns:                                        "" => "<computed>"
  public_ip:                                         "" => "<computed>"
  root_block_device.#:                               "" => "1"
  root_block_device.0.delete_on_termination:         "" => "true"
  root_block_device.0.volume_id:                     "" => "<computed>"
  root_block_device.0.volume_size:                   "" => "8"
  root_block_device.0.volume_type:                   "" => "gp2"
  security_groups.#:                                 "" => "<computed>"
  source_dest_check:                                 "" => "true"
  subnet_id:                                         "" => "subnet-05d0b0646b3c99edc"
  tags.%:                                            "" => "1"
  tags.Name:                                         "" => "meetup42-Worker-Linux-1"
  tenancy:                                           "" => "<computed>"
  user_data:                                         "" => "e42e4509e72b61a47ae49c2e7fc2719135ad7f0f"
  volume_tags.%:                                     "" => "<computed>"
  vpc_security_group_ids.#:                          "" => "1"
  vpc_security_group_ids.3485417784:                 "" => "sg-0a212a2b254d9c347"
aws_instance.ucp_manager_linux: Creating...
  ami:                                               "" => "ami-0d063c6b"
  arn:                                               "" => "<computed>"
  associate_public_ip_address:                       "" => "true"
  availability_zone:                                 "" => "<computed>"
  cpu_core_count:                                    "" => "<computed>"
  cpu_threads_per_core:                              "" => "<computed>"
  ebs_block_device.#:                                "" => "1"
  ebs_block_device.4023988449.delete_on_termination: "" => "true"
  ebs_block_device.4023988449.device_name:           "" => "/dev/xvdf"
  ebs_block_device.4023988449.encrypted:             "" => "<computed>"
  ebs_block_device.4023988449.snapshot_id:           "" => "<computed>"
  ebs_block_device.4023988449.volume_id:             "" => "<computed>"
  ebs_block_device.4023988449.volume_size:           "" => "8"
  ebs_block_device.4023988449.volume_type:           "" => "gp2"
  ebs_optimized:                                     "" => "false"
  ephemeral_block_device.#:                          "" => "<computed>"
  get_password_data:                                 "" => "false"
  iam_instance_profile:                              "" => "meetup42_dtr_instance_profile"
  instance_state:                                    "" => "<computed>"
  instance_type:                                     "" => "m4.large"
  ipv6_address_count:                                "" => "<computed>"
  ipv6_addresses.#:                                  "" => "<computed>"
  key_name:                                          "" => "ydaniel"
  network_interface.#:                               "" => "<computed>"
  network_interface_id:                              "" => "<computed>"
  password_data:                                     "" => "<computed>"
  placement_group:                                   "" => "<computed>"
  primary_network_interface_id:                      "" => "<computed>"
  private_dns:                                       "" => "<computed>"
  private_ip:                                        "" => "<computed>"
  public_dns:                                        "" => "<computed>"
  public_ip:                                         "" => "<computed>"
  root_block_device.#:                               "" => "1"
  root_block_device.0.delete_on_termination:         "" => "true"
  root_block_device.0.volume_id:                     "" => "<computed>"
  root_block_device.0.volume_size:                   "" => "8"
  root_block_device.0.volume_type:                   "" => "gp2"
  security_groups.#:                                 "" => "<computed>"
  source_dest_check:                                 "" => "true"
  subnet_id:                                         "" => "subnet-05d0b0646b3c99edc"
  tags.%:                                            "" => "1"
  tags.Name:                                         "" => "meetup42-Manager-Linux-1"
  tenancy:                                           "" => "<computed>"
  user_data:                                         "" => "e42e4509e72b61a47ae49c2e7fc2719135ad7f0f"
  volume_tags.%:                                     "" => "<computed>"
  vpc_security_group_ids.#:                          "" => "1"
  vpc_security_group_ids.3485417784:                 "" => "sg-0a212a2b254d9c347"
aws_instance.ucp_worker_dtr: Creating...
  ami:                                               "" => "ami-0d063c6b"
  arn:                                               "" => "<computed>"
  associate_public_ip_address:                       "" => "true"
  availability_zone:                                 "" => "<computed>"
  cpu_core_count:                                    "" => "<computed>"
  cpu_threads_per_core:                              "" => "<computed>"
  ebs_block_device.#:                                "" => "1"
  ebs_block_device.4023988449.delete_on_termination: "" => "true"
  ebs_block_device.4023988449.device_name:           "" => "/dev/xvdf"
  ebs_block_device.4023988449.encrypted:             "" => "<computed>"
  ebs_block_device.4023988449.snapshot_id:           "" => "<computed>"
  ebs_block_device.4023988449.volume_id:             "" => "<computed>"
  ebs_block_device.4023988449.volume_size:           "" => "8"
  ebs_block_device.4023988449.volume_type:           "" => "gp2"
  ebs_optimized:                                     "" => "false"
  ephemeral_block_device.#:                          "" => "<computed>"
  get_password_data:                                 "" => "false"
  iam_instance_profile:                              "" => "meetup42_dtr_instance_profile"
  instance_state:                                    "" => "<computed>"
  instance_type:                                     "" => "m4.large"
  ipv6_address_count:                                "" => "<computed>"
  ipv6_addresses.#:                                  "" => "<computed>"
  key_name:                                          "" => "ydaniel"
  network_interface.#:                               "" => "<computed>"
  network_interface_id:                              "" => "<computed>"
  password_data:                                     "" => "<computed>"
  placement_group:                                   "" => "<computed>"
  primary_network_interface_id:                      "" => "<computed>"
  private_dns:                                       "" => "<computed>"
  private_ip:                                        "" => "<computed>"
  public_dns:                                        "" => "<computed>"
  public_ip:                                         "" => "<computed>"
  root_block_device.#:                               "" => "1"
  root_block_device.0.delete_on_termination:         "" => "true"
  root_block_device.0.volume_id:                     "" => "<computed>"
  root_block_device.0.volume_size:                   "" => "8"
  root_block_device.0.volume_type:                   "" => "gp2"
  security_groups.#:                                 "" => "<computed>"
  source_dest_check:                                 "" => "true"
  subnet_id:                                         "" => "subnet-05d0b0646b3c99edc"
  tags.%:                                            "" => "1"
  tags.Name:                                         "" => "meetup42-Worker-DTR-1"
  tenancy:                                           "" => "<computed>"
  user_data:                                         "" => "e42e4509e72b61a47ae49c2e7fc2719135ad7f0f"
  volume_tags.%:                                     "" => "<computed>"
  vpc_security_group_ids.#:                          "" => "1"
  vpc_security_group_ids.3485417784:                 "" => "sg-0a212a2b254d9c347"
aws_route_table_association.rta_pub_subnetswarm[0]: Creation complete after 1s (ID: rtbassoc-0808ceec02b129858)
aws_route_table_association.rta_public_subnetucp[1]: Creation complete after 1s (ID: rtbassoc-06b236168b167bb6f)
aws_main_route_table_association.main_route_table: Creation complete after 2s (ID: rtbassoc-0af40cc1e426c2182)
aws_route_table_association.rta_public_subnetexternal[1]: Creation complete after 1s (ID: rtbassoc-05a53381de2fe13ac)
aws_route_table_association.rta_public_subnetucp[2]: Creation complete after 1s (ID: rtbassoc-0e1b4f2d3dca62b25)
aws_route_table_association.rta_pub_subnetswarm[1]: Creation complete after 1s (ID: rtbassoc-0d11c7f0e52f3fdb6)
aws_instance.ucp_worker_dtr: Still creating... (10s elapsed)
aws_instance.ucp_worker_linux: Still creating... (10s elapsed)
aws_instance.ucp_manager_linux: Still creating... (10s elapsed)
aws_instance.ucp_manager_linux: Still creating... (20s elapsed)
aws_instance.ucp_worker_linux: Still creating... (20s elapsed)
aws_instance.ucp_worker_dtr: Still creating... (20s elapsed)
aws_instance.ucp_worker_linux: Creation complete after 25s (ID: i-0b2eca0674cb47b06)
aws_elb.apps-elb: Creating...
  arn:                                    "" => "<computed>"
  availability_zones.#:                   "" => "<computed>"
  connection_draining:                    "" => "false"
  connection_draining_timeout:            "" => "300"
  cross_zone_load_balancing:              "" => "true"
  dns_name:                               "" => "<computed>"
  health_check.#:                         "" => "1"
  health_check.0.healthy_threshold:       "" => "2"
  health_check.0.interval:                "" => "30"
  health_check.0.target:                  "" => "TCP:8443"
  health_check.0.timeout:                 "" => "5"
  health_check.0.unhealthy_threshold:     "" => "10"
  idle_timeout:                           "" => "60"
  instances.#:                            "" => "1"
  instances.2976386665:                   "" => "i-0b2eca0674cb47b06"
  internal:                               "" => "false"
  listener.#:                             "" => "2"
  listener.1309130541.instance_port:      "" => "8000"
  listener.1309130541.instance_protocol:  "" => "tcp"
  listener.1309130541.lb_port:            "" => "80"
  listener.1309130541.lb_protocol:        "" => "tcp"
  listener.1309130541.ssl_certificate_id: "" => ""
  listener.3994985537.instance_port:      "" => "8443"
  listener.3994985537.instance_protocol:  "" => "tcp"
  listener.3994985537.lb_port:            "" => "443"
  listener.3994985537.lb_protocol:        "" => "tcp"
  listener.3994985537.ssl_certificate_id: "" => ""
  name:                                   "" => "meetup42-apps-elb"
  security_groups.#:                      "" => "1"
  security_groups.814273664:              "" => "sg-0635a01a3aaff6629"
  source_security_group:                  "" => "<computed>"
  source_security_group_id:               "" => "<computed>"
  subnets.#:                              "" => "3"
  subnets.212410816:                      "" => "subnet-0d3065a03ede8708e"
  subnets.4013668800:                     "" => "subnet-0ffec08a3756319ec"
  subnets.678442316:                      "" => "subnet-02b16b7ccbc728a84"
  zone_id:                                "" => "<computed>"
aws_instance.ucp_manager_linux: Creation complete after 25s (ID: i-0f1e8aa77e668a057)
aws_elb.ucp-elb: Creating...
  arn:                                    "" => "<computed>"
  availability_zones.#:                   "" => "<computed>"
  connection_draining:                    "" => "false"
  connection_draining_timeout:            "" => "300"
  cross_zone_load_balancing:              "" => "true"
  dns_name:                               "" => "<computed>"
  health_check.#:                         "" => "1"
  health_check.0.healthy_threshold:       "" => "2"
  health_check.0.interval:                "" => "30"
  health_check.0.target:                  "" => "TCP:443"
  health_check.0.timeout:                 "" => "5"
  health_check.0.unhealthy_threshold:     "" => "10"
  idle_timeout:                           "" => "240"
  instances.#:                            "" => "1"
  instances.4248122692:                   "" => "i-0f1e8aa77e668a057"
  internal:                               "" => "false"
  listener.#:                             "" => "2"
  listener.3838681924.instance_port:      "" => "6443"
  listener.3838681924.instance_protocol:  "" => "tcp"
  listener.3838681924.lb_port:            "" => "6443"
  listener.3838681924.lb_protocol:        "" => "tcp"
  listener.3838681924.ssl_certificate_id: "" => ""
  listener.610193557.instance_port:       "" => "443"
  listener.610193557.instance_protocol:   "" => "tcp"
  listener.610193557.lb_port:             "" => "443"
  listener.610193557.lb_protocol:         "" => "tcp"
  listener.610193557.ssl_certificate_id:  "" => ""
  name:                                   "" => "meetup42-ucp-elb"
  security_groups.#:                      "" => "1"
  security_groups.2811034549:             "" => "sg-05b69d928f137bd57"
  source_security_group:                  "" => "<computed>"
  source_security_group_id:               "" => "<computed>"
  subnets.#:                              "" => "3"
  subnets.1631556395:                     "" => "subnet-0e23aab3f9b5b7a76"
  subnets.2063962070:                     "" => "subnet-0ff0dd5a70706cb7e"
  subnets.267514133:                      "" => "subnet-07f5ddebee06ba8f6"
  zone_id:                                "" => "<computed>"
aws_elb.ucp-elb: Creation complete after 4s (ID: meetup42-ucp-elb)
aws_elb.apps-elb: Creation complete after 5s (ID: meetup42-apps-elb)
aws_instance.ucp_worker_dtr: Still creating... (30s elapsed)
aws_instance.ucp_worker_dtr: Creation complete after 35s (ID: i-05b62cc2be58cfb8b)
aws_elb.dtr-elb: Creating...
  arn:                                    "" => "<computed>"
  availability_zones.#:                   "" => "<computed>"
  connection_draining:                    "" => "false"
  connection_draining_timeout:            "" => "300"
  cross_zone_load_balancing:              "" => "true"
  dns_name:                               "" => "<computed>"
  health_check.#:                         "" => "1"
  health_check.0.healthy_threshold:       "" => "2"
  health_check.0.interval:                "" => "30"
  health_check.0.target:                  "" => "TCP:443"
  health_check.0.timeout:                 "" => "5"
  health_check.0.unhealthy_threshold:     "" => "10"
  idle_timeout:                           "" => "240"
  instances.#:                            "" => "1"
  instances.2427403196:                   "" => "i-05b62cc2be58cfb8b"
  internal:                               "" => "false"
  listener.#:                             "" => "2"
  listener.2974294026.instance_port:      "" => "80"
  listener.2974294026.instance_protocol:  "" => "tcp"
  listener.2974294026.lb_port:            "" => "80"
  listener.2974294026.lb_protocol:        "" => "tcp"
  listener.2974294026.ssl_certificate_id: "" => ""
  listener.610193557.instance_port:       "" => "443"
  listener.610193557.instance_protocol:   "" => "tcp"
  listener.610193557.lb_port:             "" => "443"
  listener.610193557.lb_protocol:         "" => "tcp"
  listener.610193557.ssl_certificate_id:  "" => ""
  name:                                   "" => "meetup42-dtr-elb"
  security_groups.#:                      "" => "1"
  security_groups.1496491738:             "" => "sg-039790dcbcb662330"
  source_security_group:                  "" => "<computed>"
  source_security_group_id:               "" => "<computed>"
  subnets.#:                              "" => "3"
  subnets.1686841320:                     "" => "subnet-05d3bc22669d6be54"
  subnets.3583956625:                     "" => "subnet-05131ab6fb9ad5aaa"
  subnets.4180287559:                     "" => "subnet-0828c4fb2ee6639ee"
  zone_id:                                "" => "<computed>"
aws_elb.dtr-elb: Creation complete after 5s (ID: meetup42-dtr-elb)
module.inventory.data.template_file.inventory: Refreshing state...
module.inventory.local_file.ansible_inventory: Creating...
  content:  "" => "# This hostfile has been generated by terraform.\n\n[linux-ucp-manager-primary]\ni-0f1e8aa77e668a057 ansible_user=centos ansible_host=34.244.19.237\n\n[linux-ucp-manager-replicas]\n\n\n[linux-dtr-worker-primary]\ni-05b62cc2be58cfb8b ansible_user=centos ansible_host=52.210.243.40\n\n[linux-dtr-worker-replicas]\n\n\n[linux-workers]\ni-0b2eca0674cb47b06 ansible_user=centos ansible_host=18.203.136.230\n\n[windows-workers]\n\n\n[linux-databases]\n\n\n[linux-build-servers]\n\n\n[windows-databases]\n\n\n[windows-build-servers]\n\n\n[all:vars]\ninfra_stack=aws\ndocker_ucp_lb=meetup42-ucp-elb-953301250.eu-west-1.elb.amazonaws.com\ndocker_dtr_lb=meetup42-dtr-elb-1917588128.eu-west-1.elb.amazonaws.com\naws_region=eu-west-1\naws_dtr_storage_bucket=dtr20181029174054206200000002\n\ndocker_ucp_license_path=\ndocker_ucp_admin_password=Admin123\n\ncloudstor_plugin_options=\"CLOUD_PLATFORM=AWS EFS_ID_REGULAR= EFS_SUPPORTED=0 AWS_STACK_ID=DuT7V90rOlZPCd3m AWS_REGION=eu-west-1\"\n\ndocker_storage_volume=\"/dev/xvdf\"\n\n\n[ucp-load-balancer]\n\n\n[dtr-load-balancer]\n\n"
  filename: "" => "./inventory/1.hosts"
module.inventory.local_file.ansible_inventory: Creation complete after 0s (ID: 2193aa20f0eb0ced793dab5c9548b7649ede8b93)

Apply complete! Resources: 48 added, 0 changed, 0 destroyed.

Outputs:

AppDNSTarget = meetup42-apps-elb-1009489713.eu-west-1.elb.amazonaws.com
DTRDNSTarget = meetup42-dtr-elb-1917588128.eu-west-1.elb.amazonaws.com
UCPDNSTarget = meetup42-ucp-elb-953301250.eu-west-1.elb.amazonaws.com
