-- Logs begin at lun. 2018-10-29 17:41:37 UTC, end at lun. 2018-10-29 17:52:36 UTC. --
oct. 29 17:44:41 ip-172-30-0-238 systemd[1]: Starting Docker Application Container Engine...
oct. 29 17:44:41 ip-172-30-0-238 dockerd[10970]: time="2018-10-29T17:44:41.595468118Z" level=warning msg="libcontainerd: makeUpgradeProof could not open /var/run/docker/libcontainerd/containerd"
oct. 29 17:44:41 ip-172-30-0-238 dockerd[10970]: time="2018-10-29T17:44:41.598067594Z" level=info msg="libcontainerd: new containerd process, pid: 10976"
oct. 29 17:44:42 ip-172-30-0-238 dockerd[10970]: time="2018-10-29T17:44:42.599624772Z" level=warning msg="failed to rename /var/lib/docker/tmp for background deletion: rename /var/lib/docker/tmp /var/lib/docker/tmp-old: no such file or directory. Deleting synchronously"
oct. 29 17:44:42 ip-172-30-0-238 dockerd[10970]: time="2018-10-29T17:44:42.668390570Z" level=warning msg="devmapper: Usage of loopback devices is strongly discouraged for production use. Please use `--storage-opt dm.thinpooldev` or use `man docker` to refer to dm.thinpooldev section."
oct. 29 17:44:42 ip-172-30-0-238 dockerd[10970]: time="2018-10-29T17:44:42.691457011Z" level=info msg="devmapper: Creating filesystem xfs on device docker-202:80-12582977-base"
oct. 29 17:44:42 ip-172-30-0-238 dockerd[10970]: time="2018-10-29T17:44:42.751440938Z" level=info msg="devmapper: Successfully created filesystem xfs on device docker-202:80-12582977-base"
oct. 29 17:44:42 ip-172-30-0-238 dockerd[10970]: time="2018-10-29T17:44:42.805758052Z" level=info msg="Graph migration to content-addressability took 0.00 seconds"
oct. 29 17:44:42 ip-172-30-0-238 dockerd[10970]: time="2018-10-29T17:44:42.807102179Z" level=info msg="Loading containers: start."
oct. 29 17:44:42 ip-172-30-0-238 dockerd[10970]: time="2018-10-29T17:44:42.957326637Z" level=info msg="Default bridge (docker0) is assigned with an IP address 172.17.0.0/16. Daemon option --bip can be used to set a preferred IP address"
oct. 29 17:44:43 ip-172-30-0-238 dockerd[10970]: time="2018-10-29T17:44:43.010683710Z" level=info msg="Loading containers: done."
oct. 29 17:44:43 ip-172-30-0-238 dockerd[10970]: time="2018-10-29T17:44:43.021092637Z" level=info msg="Daemon has completed initialization"
oct. 29 17:44:43 ip-172-30-0-238 dockerd[10970]: time="2018-10-29T17:44:43.021124522Z" level=info msg="Docker daemon" commit=ac44d73 graphdriver=devicemapper version=17.06.2-ee-13
oct. 29 17:44:43 ip-172-30-0-238 dockerd[10970]: time="2018-10-29T17:44:43.036394409Z" level=info msg="API listen on /var/run/docker.sock"
oct. 29 17:44:43 ip-172-30-0-238 systemd[1]: Started Docker Application Container Engine.
oct. 29 17:44:45 ip-172-30-0-238 dockerd[10970]: time="2018-10-29T17:44:45Z" level=info msg="time=\"2018-10-29T17:44:45Z\" level=info msg=\"Docker Inc. usage statistics plugin\" anonymous_id=4d47b593-a0bd-4e96-8a79-739df4842c6f plugin_version=1.0.0-stable " plugin=a09b447f54cba157e69f55acf02f4db90830f074a2d106a99e330f353975c4ce
oct. 29 17:47:56 ip-172-30-0-238 dockerd[10970]: time="2018-10-29T17:47:56.070721928Z" level=info msg="Initializing Libnetwork Agent Listen-Addr=0.0.0.0 Local-addr=172.30.0.238 Adv-addr=172.30.0.238 Data-addr= Remote-addr-list=[172.30.0.10]"
oct. 29 17:47:56 ip-172-30-0-238 dockerd[10970]: time="2018-10-29T17:47:56.071187755Z" level=info msg="Gossip cluster hostname ip-172-30-0-238-d4a21aac228c"
oct. 29 17:47:56 ip-172-30-0-238 dockerd[10970]: time="2018-10-29T17:47:56.071978109Z" level=info msg="Node ip-172-30-0-238-d4a21aac228c/172.30.0.238, joined gossip cluster"
oct. 29 17:47:56 ip-172-30-0-238 dockerd[10970]: time="2018-10-29T17:47:56.072076028Z" level=info msg="Node ip-172-30-0-238-d4a21aac228c/172.30.0.238, added to nodes list"
oct. 29 17:47:56 ip-172-30-0-238 dockerd[10970]: time="2018-10-29T17:47:56.074435834Z" level=info msg="Node ip-172-30-0-177-12bcb42a523a/172.30.0.177, joined gossip cluster"
oct. 29 17:47:56 ip-172-30-0-238 dockerd[10970]: time="2018-10-29T17:47:56.074467874Z" level=info msg="Node ip-172-30-0-177-12bcb42a523a/172.30.0.177, added to nodes list"
oct. 29 17:47:56 ip-172-30-0-238 dockerd[10970]: time="2018-10-29T17:47:56.074513785Z" level=info msg="Node ip-172-30-0-10-187f7add15a9/172.30.0.10, joined gossip cluster"
oct. 29 17:47:56 ip-172-30-0-238 dockerd[10970]: time="2018-10-29T17:47:56.074546905Z" level=info msg="Node ip-172-30-0-10-187f7add15a9/172.30.0.10, added to nodes list"
oct. 29 17:48:24 ip-172-30-0-238 dockerd[10970]: time="2018-10-29T17:48:24.424024702Z" level=error msg="plugin not found"
oct. 29 17:48:24 ip-172-30-0-238 dockerd[10970]: time="2018-10-29T17:48:24.425819799Z" level=error msg="plugin not found"
oct. 29 17:48:24 ip-172-30-0-238 dockerd[10970]: time="2018-10-29T17:48:24.427437495Z" level=error msg="plugin not found"
oct. 29 17:48:24 ip-172-30-0-238 dockerd[10970]: time="2018-10-29T17:48:24.429022462Z" level=error msg="plugin not found"
oct. 29 17:48:24 ip-172-30-0-238 dockerd[10970]: time="2018-10-29T17:48:24.430550140Z" level=error msg="plugin not found"
oct. 29 17:48:24 ip-172-30-0-238 dockerd[10970]: time="2018-10-29T17:48:24.432160003Z" level=error msg="plugin not found"
oct. 29 17:48:24 ip-172-30-0-238 dockerd[10970]: time="2018-10-29T17:48:24.433635434Z" level=error msg="plugin not found"
oct. 29 17:48:24 ip-172-30-0-238 dockerd[10970]: time="2018-10-29T17:48:24.435237184Z" level=error msg="plugin not found"
oct. 29 17:48:24 ip-172-30-0-238 dockerd[10970]: time="2018-10-29T17:48:24.436780178Z" level=error msg="plugin not found"
oct. 29 17:48:24 ip-172-30-0-238 dockerd[10970]: time="2018-10-29T17:48:24.438345716Z" level=error msg="plugin not found"
oct. 29 17:48:24 ip-172-30-0-238 dockerd[10970]: time="2018-10-29T17:48:24.440834073Z" level=error msg="plugin not found"
oct. 29 17:48:24 ip-172-30-0-238 dockerd[10970]: time="2018-10-29T17:48:24.443525130Z" level=error msg="plugin not found"
oct. 29 17:48:24 ip-172-30-0-238 dockerd[10970]: time="2018-10-29T17:48:24.445137788Z" level=error msg="plugin not found"
oct. 29 17:48:24 ip-172-30-0-238 dockerd[10970]: time="2018-10-29T17:48:24.446701806Z" level=error msg="plugin not found"
oct. 29 17:48:24 ip-172-30-0-238 dockerd[10970]: time="2018-10-29T17:48:24.745720089Z" level=warning msg="87197ef6fe26311cf3a59428fb6b3f40d22390f4d8264b08844ac75d486e504c unmountVolumes: Failed to do lazy umount fo volume '/var/lib/docker/devicemapper/mnt/41ff5d40f298ce2fa3840e70803470119b1fa6a5ceaccf0013c4e242c45ccda3/rootfs/run/docker.sock': no such file or directory"
oct. 29 17:48:25 ip-172-30-0-238 dockerd[10970]: time="2018-10-29T17:48:25.102446851Z" level=error msg="Error retrieving swarm unlock key" error="This node is not a swarm manager. Worker nodes can't be used to view or modify cluster state. Please run this command on a manager node or promote the current node to a manager."
oct. 29 17:48:25 ip-172-30-0-238 dockerd[10970]: time="2018-10-29T17:48:25.102532595Z" level=error msg="Handler for GET /v1.24/swarm/unlockkey returned error: This node is not a swarm manager. Worker nodes can't be used to view or modify cluster state. Please run this command on a manager node or promote the current node to a manager."
oct. 29 17:48:36 ip-172-30-0-238 dockerd[10970]: time="2018-10-29T17:48:36.055073390Z" level=info msg="agent: found node update" module="node/agent" node.id=oqsewbvdayypzmmi58a2y7ud7
oct. 29 17:48:47 ip-172-30-0-238 dockerd[10970]: time="2018-10-29T17:48:47.748417027Z" level=warning msg="Unknown healthcheck type 'NONE' (expected 'CMD') in container 9fb5bdd5b784dd4206aea41845ab5570322cd044583cd753ec57b52e571af743"
oct. 29 17:48:52 ip-172-30-0-238 dockerd[10970]: time="2018-10-29T17:48:52.801931967Z" level=error msg="plugin not found"
oct. 29 17:48:52 ip-172-30-0-238 dockerd[10970]: time="2018-10-29T17:48:52Z" level=info msg="time=\"2018-10-29T17:48:52Z\" level=error msg=\"could not fetch volume: Volume Not Found\" name=be4b93f92c1c95114ab77a2264ff9546962ac4f70cdf0f39ac10c550cf050d27 operation=get" plugin=a33497ce100079c982459868dca63a6ecb4cff07366c6e73100de70a08a0fbf5
oct. 29 17:48:53 ip-172-30-0-238 dockerd[10970]: time="2018-10-29T17:48:53.302775128Z" level=warning msg="Unknown healthcheck type 'NONE' (expected 'CMD') in container 9d5aff9b740c7344858f553d9b32732a914def07281ef317c19283b1d58e9f43"
oct. 29 17:48:59 ip-172-30-0-238 dockerd[10970]: time="2018-10-29T17:48:59.293129222Z" level=error msg="plugin not found"
oct. 29 17:49:43 ip-172-30-0-238 dockerd[10970]: time="2018-10-29T17:49:43.421252033Z" level=error msg="plugin not found"
oct. 29 17:50:05 ip-172-30-0-238 dockerd[10970]: time="2018-10-29T17:50:05.980854529Z" level=error msg="Error getting node oqsewbvdayypzmmi58a2y7ud7: This node is not a swarm manager. Worker nodes can't be used to view or modify cluster state. Please run this command on a manager node or promote the current node to a manager."
oct. 29 17:50:05 ip-172-30-0-238 dockerd[10970]: time="2018-10-29T17:50:05.980904460Z" level=error msg="Handler for GET /v1.24/nodes/oqsewbvdayypzmmi58a2y7ud7 returned error: This node is not a swarm manager. Worker nodes can't be used to view or modify cluster state. Please run this command on a manager node or promote the current node to a manager."
oct. 29 17:50:05 ip-172-30-0-238 dockerd[10970]: time="2018-10-29T17:50:05.985344825Z" level=error msg="plugin not found"
oct. 29 17:50:26 ip-172-30-0-238 dockerd[10970]: time="2018-10-29T17:50:26.981981112Z" level=error msg="plugin not found"
oct. 29 17:50:56 ip-172-30-0-238 dockerd[10970]: time="2018-10-29T17:50:56.302386567Z" level=warning msg="error detaching from network dtr-ol: could not find network attachment for container c55edea5df86e654a9d022aa61a6025a2cb42dc1376dc7597d4d5da9dc4afb24 to network dtr-ol"
oct. 29 17:51:05 ip-172-30-0-238 dockerd[10970]: time="2018-10-29T17:51:05.865856370Z" level=warning msg="d6885010e202b4417dd0e226fb90a51dd3e24a8b38f89e1b59b104bd80a1cf6c unmountVolumes: Failed to do lazy umount fo volume '/var/lib/docker/devicemapper/mnt/7dfe5917ab7ab9bc7e1843532941e241e06d92609ae5b758a6a031fdd3fe18d5/rootfs/run/docker.sock': no such file or directory"
oct. 29 17:51:06 ip-172-30-0-238 dockerd[10970]: time="2018-10-29T17:51:06.069445026Z" level=error msg="Error getting node oqsewbvdayypzmmi58a2y7ud7: This node is not a swarm manager. Worker nodes can't be used to view or modify cluster state. Please run this command on a manager node or promote the current node to a manager."
oct. 29 17:51:06 ip-172-30-0-238 dockerd[10970]: time="2018-10-29T17:51:06.069512928Z" level=error msg="Handler for GET /v1.24/nodes/oqsewbvdayypzmmi58a2y7ud7 returned error: This node is not a swarm manager. Worker nodes can't be used to view or modify cluster state. Please run this command on a manager node or promote the current node to a manager."
oct. 29 17:51:06 ip-172-30-0-238 dockerd[10970]: time="2018-10-29T17:51:06.238183309Z" level=error msg="plugin not found"
oct. 29 17:51:09 ip-172-30-0-238 dockerd[10970]: time="2018-10-29T17:51:09.772057234Z" level=error msg="plugin not found"
oct. 29 17:51:31 ip-172-30-0-238 dockerd[10970]: time="2018-10-29T17:51:31.721559913Z" level=info msg="Container 589cfd0aa975153bcd5b88db3152953a60eda3a0b8cef76741d798e7a4110e3e failed to exit within 1 seconds of signal 15 - using the force"
oct. 29 17:51:59 ip-172-30-0-238 dockerd[10970]: time="2018-10-29T17:51:59.486023736Z" level=error msg="plugin not found"
oct. 29 17:51:59 ip-172-30-0-238 dockerd[10970]: time="2018-10-29T17:51:59.690331022Z" level=warning msg="error detaching from network dtr-ol: could not find network attachment for container f7090c6eed14f532a2a67401b5e4531fdc5a9377b5b2242c2bdb393b1d191e27 to network dtr-ol"
oct. 29 17:52:35 ip-172-30-0-238 dockerd[10970]: time="2018-10-29T17:52:35.956302233Z" level=error msg="plugin not found"