{"level":"info","msg":"Establishing connection with Rethinkdb","time":"2018-10-29T17:51:34Z"}
{"level":"info","msg":"writing out configs and watching for changes","time":"2018-10-29T17:51:34Z"}
{"level":"info","msg":"watching configs","time":"2018-10-29T17:51:34Z"}
{"level":"info","msg":"watching for changes to configtracker.configSpec{src:\"license.json\", writer:(configtracker.WriterFunc)(0xd078a0), templateFunc:(configtracker.TemplateFunc)(0xcddaa0), cacheKey:\"221cb540-7dad-46de-b0f6-edda1c2ad1cc\"}","time":"2018-10-29T17:51:34Z"}
{"level":"info","msg":"Establishing connection with Rethinkdb","time":"2018-10-29T17:51:34Z"}
{"level":"info","msg":"Starting tmp folder cleanup","time":"2018-10-29T17:51:34Z"}
{"level":"info","msg":"No files to remove","time":"2018-10-29T17:51:34Z"}
{"level":"info","msg":"writing out configs and watching for changes","time":"2018-10-29T17:51:34Z"}
{"level":"info","msg":"watching configs","time":"2018-10-29T17:51:34Z"}
{"level":"info","msg":"watching for changes to configtracker.configSpec{src:\"certs/api_server/cert.pem/124d8d91cccc\", writer:(configtracker.WriterFunc)(0xcde750), templateFunc:(configtracker.TemplateFunc)(0xcddaa0), cacheKey:\"c2ab55a8-d3ac-40c0-8793-bc20b0fa310c\"}","time":"2018-10-29T17:51:34Z"}
{"level":"info","msg":"watching for changes to configtracker.configSpec{src:\"certs/api_server/key.pem/124d8d91cccc\", writer:(configtracker.WriterFunc)(0xcde750), templateFunc:(configtracker.TemplateFunc)(0xcddaa0), cacheKey:\"fa5816fd-1d73-4398-ba8d-45c334ab2c7e\"}","time":"2018-10-29T17:51:34Z"}
{"level":"info","msg":"watching for changes to configtracker.configSpec{src:\"certs/api_ca/cert.pem\", writer:(configtracker.WriterFunc)(0xcde750), templateFunc:(configtracker.TemplateFunc)(0xcddaa0), cacheKey:\"d50ca339-b78a-4811-aa17-0d432a347154\"}","time":"2018-10-29T17:51:34Z"}
{"level":"info","msg":"watching for changes to configtracker.configSpec{src:\"certs/postgres_client/cert.pem\", writer:(configtracker.WriterFunc)(0xcdf0f0), templateFunc:(configtracker.TemplateFunc)(0xcddaa0), cacheKey:\"f05f6809-2126-403c-ab51-cbf0d8ca1cd4\"}","time":"2018-10-29T17:51:34Z"}
{"level":"info","msg":"watching for changes to configtracker.configSpec{src:\"certs/postgres_client/key.pem\", writer:(configtracker.WriterFunc)(0xcdf0f0), templateFunc:(configtracker.TemplateFunc)(0xcddaa0), cacheKey:\"a27df30c-d9b5-4800-b947-714060edd231\"}","time":"2018-10-29T17:51:34Z"}
{"level":"info","msg":"watching for changes to configtracker.configSpec{src:\"certs/postgres_ca/cert.pem\", writer:(configtracker.WriterFunc)(0xcdf0f0), templateFunc:(configtracker.TemplateFunc)(0xcddaa0), cacheKey:\"fdafa16e-7d70-44bf-acfa-f133564ec1ad\"}","time":"2018-10-29T17:51:34Z"}
{"level":"info","msg":"writing out configs and watching for changes","time":"2018-10-29T17:51:34Z"}
{"level":"info","msg":"watching configs","time":"2018-10-29T17:51:34Z"}
{"level":"info","msg":"watching for changes to configtracker.configSpec{src:\"metadataStoreOptedIn\", writer:(configtracker.WriterFunc)(0xcde750), templateFunc:(configtracker.TemplateFunc)(0xcddaa0), cacheKey:\"f99c514b-37a9-4121-b73b-8e13cc6a7e00\"}","time":"2018-10-29T17:51:34Z"}
{"address":":5002","level":"info","msg":"Admin server about to listen for connections","time":"2018-10-29T17:51:34Z"}
{"level":"info","msg":"Call of type PUT to /api/v0/admin/settings/registry/simple from 10.1.0.27:56440 by admin","time":"2018-10-29T17:52:10Z"}
{"level":"debug","msg":"using \"json\" logging formatter","time":"2018-10-29T17:52:10.138817946Z"}
{"go.version":"go1.8.3","instance.id":"d788ecf4-4617-4913-9e21-36c88db86711","level":"info","msg":"redis not configured","time":"2018-10-29T17:52:10.144840905Z"}
{"go.version":"go1.8.3","instance.id":"d788ecf4-4617-4913-9e21-36c88db86711","level":"debug","msg":"configured \"token\" access controller","time":"2018-10-29T17:52:10.145188792Z"}
{"go.version":"go1.8.3","instance.id":"d788ecf4-4617-4913-9e21-36c88db86711","level":"info","msg":"Starting upload purge in 38m0s","time":"2018-10-29T17:52:10.145639639Z"}
{"go.version":"go1.8.3","instance.id":"d788ecf4-4617-4913-9e21-36c88db86711","level":"debug","msg":"s3aws.PutContent(\"/07ee9e07-464b-42af-b906-d6e63bdd2800\")","time":"2018-10-29T17:52:10.190611497Z","trace.duration":45200656,"trace.file":"/go/src/github.com/docker/dhe-deploy/gocode/vendor/github.com/docker/distribution/registry/storage/driver/base/base.go","trace.func":"github.com/docker/dhe-deploy/gocode/vendor/github.com/docker/distribution/registry/storage/driver/base.(*Base).PutContent","trace.id":"e260132c-29d4-4ec0-a909-f1a717276474","trace.line":95}
{"go.version":"go1.8.3","instance.id":"d788ecf4-4617-4913-9e21-36c88db86711","level":"debug","msg":"s3aws.Stat(\"/07ee9e07-464b-42af-b906-d6e63bdd2800\")","time":"2018-10-29T17:52:10.200786535Z","trace.duration":10078549,"trace.file":"/go/src/github.com/docker/dhe-deploy/gocode/vendor/github.com/docker/distribution/registry/storage/driver/base/base.go","trace.func":"github.com/docker/dhe-deploy/gocode/vendor/github.com/docker/distribution/registry/storage/driver/base.(*Base).Stat","trace.id":"9677a899-b2df-4985-97db-63983c6014db","trace.line":137}
{"level":"debug","msg":"using \"json\" logging formatter","time":"2018-10-29T17:52:10.203322789Z"}
{"go.version":"go1.8.3","instance.id":"d788ecf4-4617-4913-9e21-36c88db86711","level":"info","msg":"redis not configured","time":"2018-10-29T17:52:10.204580432Z"}
{"go.version":"go1.8.3","instance.id":"d788ecf4-4617-4913-9e21-36c88db86711","level":"info","msg":"Starting upload purge in 38m0s","time":"2018-10-29T17:52:10.204707219Z"}
{"go.version":"go1.8.3","instance.id":"d788ecf4-4617-4913-9e21-36c88db86711","level":"debug","msg":"configured \"token\" access controller","time":"2018-10-29T17:52:10.204859179Z"}
{"go.version":"go1.8.3","instance.id":"d788ecf4-4617-4913-9e21-36c88db86711","level":"debug","msg":"filesystem.PutContent(\"/44a31f27-df52-47eb-874f-4fda9eaf26a6\")","time":"2018-10-29T17:52:10.206228357Z","trace.duration":1313550,"trace.file":"/go/src/github.com/docker/dhe-deploy/gocode/vendor/github.com/docker/distribution/registry/storage/driver/base/base.go","trace.func":"github.com/docker/dhe-deploy/gocode/vendor/github.com/docker/distribution/registry/storage/driver/base.(*Base).PutContent","trace.id":"4cb67af0-c041-4c54-93e5-fa0f01084a46","trace.line":95}
{"go.version":"go1.8.3","instance.id":"d788ecf4-4617-4913-9e21-36c88db86711","level":"debug","msg":"filesystem.Stat(\"/44a31f27-df52-47eb-874f-4fda9eaf26a6\")","time":"2018-10-29T17:52:10.20631116Z","trace.duration":26182,"trace.file":"/go/src/github.com/docker/dhe-deploy/gocode/vendor/github.com/docker/distribution/registry/storage/driver/base/base.go","trace.func":"github.com/docker/dhe-deploy/gocode/vendor/github.com/docker/distribution/registry/storage/driver/base.(*Base).Stat","trace.id":"271683a7-d916-4731-8a8a-d2c8c83a1b61","trace.line":137}
{"go.version":"go1.8.3","instance.id":"d788ecf4-4617-4913-9e21-36c88db86711","level":"debug","msg":"s3aws.Stat(\"/44a31f27-df52-47eb-874f-4fda9eaf26a6\")","time":"2018-10-29T17:52:10.224713381Z","trace.duration":10103864,"trace.file":"/go/src/github.com/docker/dhe-deploy/gocode/vendor/github.com/docker/distribution/registry/storage/driver/base/base.go","trace.func":"github.com/docker/dhe-deploy/gocode/vendor/github.com/docker/distribution/registry/storage/driver/base.(*Base).Stat","trace.id":"7527b4fa-d3d2-4929-a5a9-b4f40ea654ce","trace.line":137}
{"go.version":"go1.8.3","instance.id":"d788ecf4-4617-4913-9e21-36c88db86711","level":"debug","msg":"filesystem.Delete(\"/44a31f27-df52-47eb-874f-4fda9eaf26a6\")","time":"2018-10-29T17:52:10.260396628Z","trace.duration":103347,"trace.file":"/go/src/github.com/docker/dhe-deploy/gocode/vendor/github.com/docker/distribution/registry/storage/driver/base/base.go","trace.func":"github.com/docker/dhe-deploy/gocode/vendor/github.com/docker/distribution/registry/storage/driver/base.(*Base).Delete","trace.id":"887c6011-2f5e-40d1-a1fe-2a33264f0187","trace.line":177}
{"go.version":"go1.8.3","instance.id":"d788ecf4-4617-4913-9e21-36c88db86711","level":"debug","msg":"s3aws.Delete(\"/07ee9e07-464b-42af-b906-d6e63bdd2800\")","time":"2018-10-29T17:52:10.297723879Z","trace.duration":37141629,"trace.file":"/go/src/github.com/docker/dhe-deploy/gocode/vendor/github.com/docker/distribution/registry/storage/driver/base/base.go","trace.func":"github.com/docker/dhe-deploy/gocode/vendor/github.com/docker/distribution/registry/storage/driver/base.(*Base).Delete","trace.id":"0437ef07-eb34-462b-8413-c8f74385a57a","trace.line":177}
{"level":"debug","msg":"Checking for liveness of TLS server at dtr-registry-124d8d91cccc.dtr-ol:5000","time":"2018-10-29T17:52:34.405710413Z"}
{"level":"debug","msg":"Checking for liveness of TLS server at dtr-notary-signer-124d8d91cccc.dtr-ol:7899","time":"2018-10-29T17:52:34.412970178Z"}