-- Logs begin at lun. 2018-10-29 17:41:28 UTC, end at lun. 2018-10-29 17:52:35 UTC. --
oct. 29 17:44:41 ip-172-30-0-177 systemd[1]: Starting Docker Application Container Engine...
oct. 29 17:44:41 ip-172-30-0-177 dockerd[10973]: time="2018-10-29T17:44:41.204230869Z" level=warning msg="libcontainerd: makeUpgradeProof could not open /var/run/docker/libcontainerd/containerd"
oct. 29 17:44:41 ip-172-30-0-177 dockerd[10973]: time="2018-10-29T17:44:41.206608922Z" level=info msg="libcontainerd: new containerd process, pid: 10978"
oct. 29 17:44:42 ip-172-30-0-177 dockerd[10973]: time="2018-10-29T17:44:42.208241800Z" level=warning msg="failed to rename /var/lib/docker/tmp for background deletion: rename /var/lib/docker/tmp /var/lib/docker/tmp-old: no such file or directory. Deleting synchronously"
oct. 29 17:44:42 ip-172-30-0-177 dockerd[10973]: time="2018-10-29T17:44:42.282910654Z" level=warning msg="devmapper: Usage of loopback devices is strongly discouraged for production use. Please use `--storage-opt dm.thinpooldev` or use `man docker` to refer to dm.thinpooldev section."
oct. 29 17:44:42 ip-172-30-0-177 dockerd[10973]: time="2018-10-29T17:44:42.308500184Z" level=info msg="devmapper: Creating filesystem xfs on device docker-202:80-12582977-base"
oct. 29 17:44:42 ip-172-30-0-177 dockerd[10973]: time="2018-10-29T17:44:42.373183191Z" level=info msg="devmapper: Successfully created filesystem xfs on device docker-202:80-12582977-base"
oct. 29 17:44:42 ip-172-30-0-177 dockerd[10973]: time="2018-10-29T17:44:42.429094556Z" level=info msg="Graph migration to content-addressability took 0.00 seconds"
oct. 29 17:44:42 ip-172-30-0-177 dockerd[10973]: time="2018-10-29T17:44:42.430141610Z" level=info msg="Loading containers: start."
oct. 29 17:44:42 ip-172-30-0-177 dockerd[10973]: time="2018-10-29T17:44:42.628279713Z" level=info msg="Default bridge (docker0) is assigned with an IP address 172.17.0.0/16. Daemon option --bip can be used to set a preferred IP address"
oct. 29 17:44:42 ip-172-30-0-177 dockerd[10973]: time="2018-10-29T17:44:42.693048771Z" level=info msg="Loading containers: done."
oct. 29 17:44:42 ip-172-30-0-177 dockerd[10973]: time="2018-10-29T17:44:42.703156346Z" level=info msg="Daemon has completed initialization"
oct. 29 17:44:42 ip-172-30-0-177 dockerd[10973]: time="2018-10-29T17:44:42.703195012Z" level=info msg="Docker daemon" commit=ac44d73 graphdriver=devicemapper version=17.06.2-ee-13
oct. 29 17:44:42 ip-172-30-0-177 dockerd[10973]: time="2018-10-29T17:44:42.711154876Z" level=info msg="API listen on /var/run/docker.sock"
oct. 29 17:44:42 ip-172-30-0-177 systemd[1]: Started Docker Application Container Engine.
oct. 29 17:44:44 ip-172-30-0-177 dockerd[10973]: time="2018-10-29T17:44:44Z" level=info msg="time=\"2018-10-29T17:44:44Z\" level=info msg=\"Docker Inc. usage statistics plugin\" anonymous_id=2e384d14-5937-45f4-85ce-616d0695cb18 plugin_version=1.0.0-stable " plugin=0e75d335c8fc3a02bc6e8eb0bfac70a20ac2987251764b0fb0e3b4a8537bb541
oct. 29 17:47:55 ip-172-30-0-177 dockerd[10973]: time="2018-10-29T17:47:55.867485904Z" level=info msg="Initializing Libnetwork Agent Listen-Addr=0.0.0.0 Local-addr=172.30.0.177 Adv-addr=172.30.0.177 Data-addr= Remote-addr-list=[172.30.0.10]"
oct. 29 17:47:55 ip-172-30-0-177 dockerd[10973]: time="2018-10-29T17:47:55.867544998Z" level=info msg="Gossip cluster hostname ip-172-30-0-177-12bcb42a523a"
oct. 29 17:47:55 ip-172-30-0-177 dockerd[10973]: time="2018-10-29T17:47:55.868287641Z" level=info msg="Node ip-172-30-0-177-12bcb42a523a/172.30.0.177, joined gossip cluster"
oct. 29 17:47:55 ip-172-30-0-177 dockerd[10973]: time="2018-10-29T17:47:55.868385214Z" level=info msg="Node ip-172-30-0-177-12bcb42a523a/172.30.0.177, added to nodes list"
oct. 29 17:47:55 ip-172-30-0-177 dockerd[10973]: time="2018-10-29T17:47:55.870956121Z" level=info msg="Node ip-172-30-0-10-187f7add15a9/172.30.0.10, joined gossip cluster"
oct. 29 17:47:55 ip-172-30-0-177 dockerd[10973]: time="2018-10-29T17:47:55.870987692Z" level=info msg="Node ip-172-30-0-10-187f7add15a9/172.30.0.10, added to nodes list"
oct. 29 17:47:56 ip-172-30-0-177 dockerd[10973]: time="2018-10-29T17:47:56.232025093Z" level=info msg="Node ip-172-30-0-238-d4a21aac228c/172.30.0.238, joined gossip cluster"
oct. 29 17:47:56 ip-172-30-0-177 dockerd[10973]: time="2018-10-29T17:47:56.232937522Z" level=info msg="Node ip-172-30-0-238-d4a21aac228c/172.30.0.238, added to nodes list"
oct. 29 17:48:24 ip-172-30-0-177 dockerd[10973]: time="2018-10-29T17:48:24.886610399Z" level=error msg="plugin not found"
oct. 29 17:48:25 ip-172-30-0-177 dockerd[10973]: time="2018-10-29T17:48:25Z" level=info msg="time=\"2018-10-29T17:48:25Z\" level=error msg=\"could not fetch volume: Volume Not Found\" name=ucp-node-certs operation=get" plugin=8f94bc65634368679cc614983ef552ee4b2befdb27d60aee4eaa7e7c059bb243
oct. 29 17:48:25 ip-172-30-0-177 dockerd[10973]: time="2018-10-29T17:48:25.050556304Z" level=error msg="plugin not found"
oct. 29 17:48:25 ip-172-30-0-177 dockerd[10973]: time="2018-10-29T17:48:25Z" level=info msg="time=\"2018-10-29T17:48:25Z\" level=error msg=\"could not fetch volume: Volume Not Found\" name=ucp-controller-server-certs operation=get" plugin=8f94bc65634368679cc614983ef552ee4b2befdb27d60aee4eaa7e7c059bb243
oct. 29 17:48:25 ip-172-30-0-177 dockerd[10973]: time="2018-10-29T17:48:25.110992476Z" level=error msg="plugin not found"
oct. 29 17:48:25 ip-172-30-0-177 dockerd[10973]: time="2018-10-29T17:48:25Z" level=info msg="time=\"2018-10-29T17:48:25Z\" level=error msg=\"could not fetch volume: Volume Not Found\" name=ucp-controller-client-certs operation=get" plugin=8f94bc65634368679cc614983ef552ee4b2befdb27d60aee4eaa7e7c059bb243
oct. 29 17:48:25 ip-172-30-0-177 dockerd[10973]: time="2018-10-29T17:48:25.165497347Z" level=error msg="plugin not found"
oct. 29 17:48:25 ip-172-30-0-177 dockerd[10973]: time="2018-10-29T17:48:25Z" level=info msg="time=\"2018-10-29T17:48:25Z\" level=error msg=\"could not fetch volume: Volume Not Found\" name=ucp-cluster-root-ca operation=get" plugin=8f94bc65634368679cc614983ef552ee4b2befdb27d60aee4eaa7e7c059bb243
oct. 29 17:48:25 ip-172-30-0-177 dockerd[10973]: time="2018-10-29T17:48:25.219455604Z" level=error msg="plugin not found"
oct. 29 17:48:25 ip-172-30-0-177 dockerd[10973]: time="2018-10-29T17:48:25Z" level=info msg="time=\"2018-10-29T17:48:25Z\" level=error msg=\"could not fetch volume: Volume Not Found\" name=ucp-kv-certs operation=get" plugin=8f94bc65634368679cc614983ef552ee4b2befdb27d60aee4eaa7e7c059bb243
oct. 29 17:48:25 ip-172-30-0-177 dockerd[10973]: time="2018-10-29T17:48:25.277059957Z" level=error msg="plugin not found"
oct. 29 17:48:25 ip-172-30-0-177 dockerd[10973]: time="2018-10-29T17:48:25Z" level=info msg="time=\"2018-10-29T17:48:25Z\" level=error msg=\"could not fetch volume: Volume Not Found\" name=ucp-client-root-ca operation=get" plugin=8f94bc65634368679cc614983ef552ee4b2befdb27d60aee4eaa7e7c059bb243
oct. 29 17:48:25 ip-172-30-0-177 dockerd[10973]: time="2018-10-29T17:48:25.331101932Z" level=error msg="plugin not found"
oct. 29 17:48:25 ip-172-30-0-177 dockerd[10973]: time="2018-10-29T17:48:25Z" level=info msg="time=\"2018-10-29T17:48:25Z\" level=error msg=\"could not fetch volume: Volume Not Found\" name=ucp-kv operation=get" plugin=8f94bc65634368679cc614983ef552ee4b2befdb27d60aee4eaa7e7c059bb243
oct. 29 17:48:25 ip-172-30-0-177 dockerd[10973]: time="2018-10-29T17:48:25.382406075Z" level=error msg="plugin not found"
oct. 29 17:48:25 ip-172-30-0-177 dockerd[10973]: time="2018-10-29T17:48:25Z" level=info msg="time=\"2018-10-29T17:48:25Z\" level=error msg=\"could not fetch volume: Volume Not Found\" name=ucp-auth-api-certs operation=get" plugin=8f94bc65634368679cc614983ef552ee4b2befdb27d60aee4eaa7e7c059bb243
oct. 29 17:48:25 ip-172-30-0-177 dockerd[10973]: time="2018-10-29T17:48:25.432558670Z" level=error msg="plugin not found"
oct. 29 17:48:25 ip-172-30-0-177 dockerd[10973]: time="2018-10-29T17:48:25Z" level=info msg="time=\"2018-10-29T17:48:25Z\" level=error msg=\"could not fetch volume: Volume Not Found\" name=ucp-auth-worker-certs operation=get" plugin=8f94bc65634368679cc614983ef552ee4b2befdb27d60aee4eaa7e7c059bb243
oct. 29 17:48:25 ip-172-30-0-177 dockerd[10973]: time="2018-10-29T17:48:25.609303697Z" level=error msg="plugin not found"
oct. 29 17:48:25 ip-172-30-0-177 dockerd[10973]: time="2018-10-29T17:48:25Z" level=info msg="time=\"2018-10-29T17:48:25Z\" level=error msg=\"could not fetch volume: Volume Not Found\" name=ucp-auth-store-certs operation=get" plugin=8f94bc65634368679cc614983ef552ee4b2befdb27d60aee4eaa7e7c059bb243
oct. 29 17:48:25 ip-172-30-0-177 dockerd[10973]: time="2018-10-29T17:48:25.690868626Z" level=error msg="plugin not found"
oct. 29 17:48:25 ip-172-30-0-177 dockerd[10973]: time="2018-10-29T17:48:25Z" level=info msg="time=\"2018-10-29T17:48:25Z\" level=error msg=\"could not fetch volume: Volume Not Found\" name=ucp-auth-store-data operation=get" plugin=8f94bc65634368679cc614983ef552ee4b2befdb27d60aee4eaa7e7c059bb243
oct. 29 17:48:25 ip-172-30-0-177 dockerd[10973]: time="2018-10-29T17:48:25.756937983Z" level=error msg="plugin not found"
oct. 29 17:48:25 ip-172-30-0-177 dockerd[10973]: time="2018-10-29T17:48:25Z" level=info msg="time=\"2018-10-29T17:48:25Z\" level=error msg=\"could not fetch volume: Volume Not Found\" name=ucp-auth-worker-data operation=get" plugin=8f94bc65634368679cc614983ef552ee4b2befdb27d60aee4eaa7e7c059bb243
oct. 29 17:48:25 ip-172-30-0-177 dockerd[10973]: time="2018-10-29T17:48:25.811035909Z" level=error msg="plugin not found"
oct. 29 17:48:25 ip-172-30-0-177 dockerd[10973]: time="2018-10-29T17:48:25Z" level=info msg="time=\"2018-10-29T17:48:25Z\" level=error msg=\"could not fetch volume: Volume Not Found\" name=ucp-metrics-data operation=get" plugin=8f94bc65634368679cc614983ef552ee4b2befdb27d60aee4eaa7e7c059bb243
oct. 29 17:48:25 ip-172-30-0-177 dockerd[10973]: time="2018-10-29T17:48:25.865229758Z" level=error msg="plugin not found"
oct. 29 17:48:25 ip-172-30-0-177 dockerd[10973]: time="2018-10-29T17:48:25Z" level=info msg="time=\"2018-10-29T17:48:25Z\" level=error msg=\"could not fetch volume: Volume Not Found\" name=ucp-metrics-inventory operation=get" plugin=8f94bc65634368679cc614983ef552ee4b2befdb27d60aee4eaa7e7c059bb243
oct. 29 17:48:26 ip-172-30-0-177 dockerd[10973]: time="2018-10-29T17:48:26.550402392Z" level=error msg="Error retrieving swarm unlock key" error="This node is not a swarm manager. Worker nodes can't be used to view or modify cluster state. Please run this command on a manager node or promote the current node to a manager."
oct. 29 17:48:26 ip-172-30-0-177 dockerd[10973]: time="2018-10-29T17:48:26.550492001Z" level=error msg="Handler for GET /v1.24/swarm/unlockkey returned error: This node is not a swarm manager. Worker nodes can't be used to view or modify cluster state. Please run this command on a manager node or promote the current node to a manager."
oct. 29 17:48:35 ip-172-30-0-177 dockerd[10973]: time="2018-10-29T17:48:35.843856747Z" level=info msg="agent: found node update" module="node/agent" node.id=nm9f0ta16a7al5dg9igni3kle
oct. 29 17:48:46 ip-172-30-0-177 dockerd[10973]: time="2018-10-29T17:48:46.656357660Z" level=warning msg="Unknown healthcheck type 'NONE' (expected 'CMD') in container 52d0574666f9126bb90db0812302be57de9cfd653e87a3039e591a46ab22242e"
oct. 29 17:48:51 ip-172-30-0-177 dockerd[10973]: time="2018-10-29T17:48:51.641027930Z" level=error msg="plugin not found"
oct. 29 17:48:51 ip-172-30-0-177 dockerd[10973]: time="2018-10-29T17:48:51Z" level=info msg="time=\"2018-10-29T17:48:51Z\" level=error msg=\"could not fetch volume: Volume Not Found\" name=cebd89b61a23553592ab642674aea93455fae2efa4cdb558733345616651454a operation=get" plugin=8f94bc65634368679cc614983ef552ee4b2befdb27d60aee4eaa7e7c059bb243
oct. 29 17:48:52 ip-172-30-0-177 dockerd[10973]: time="2018-10-29T17:48:52.041978938Z" level=warning msg="Unknown healthcheck type 'NONE' (expected 'CMD') in container 865573122fb6c529d1473d09e521a669fccffcf7fdf7dd7ae74fd2fc1221ea40"
oct. 29 17:48:59 ip-172-30-0-177 dockerd[10973]: time="2018-10-29T17:48:59.292787695Z" level=error msg="plugin not found"
oct. 29 17:49:38 ip-172-30-0-177 dockerd[10973]: time="2018-10-29T17:49:38.680528470Z" level=error msg="Error getting node nm9f0ta16a7al5dg9igni3kle: This node is not a swarm manager. Worker nodes can't be used to view or modify cluster state. Please run this command on a manager node or promote the current node to a manager."
oct. 29 17:49:38 ip-172-30-0-177 dockerd[10973]: time="2018-10-29T17:49:38.680577810Z" level=error msg="Handler for GET /v1.24/nodes/nm9f0ta16a7al5dg9igni3kle returned error: This node is not a swarm manager. Worker nodes can't be used to view or modify cluster state. Please run this command on a manager node or promote the current node to a manager."
oct. 29 17:49:38 ip-172-30-0-177 dockerd[10973]: time="2018-10-29T17:49:38.684428613Z" level=error msg="plugin not found"
oct. 29 17:49:55 ip-172-30-0-177 dockerd[10973]: time="2018-10-29T17:49:55.902772416Z" level=error msg="plugin not found"
oct. 29 17:50:38 ip-172-30-0-177 dockerd[10973]: time="2018-10-29T17:50:38.680868627Z" level=error msg="Error getting node nm9f0ta16a7al5dg9igni3kle: This node is not a swarm manager. Worker nodes can't be used to view or modify cluster state. Please run this command on a manager node or promote the current node to a manager."
oct. 29 17:50:38 ip-172-30-0-177 dockerd[10973]: time="2018-10-29T17:50:38.680919546Z" level=error msg="Handler for GET /v1.24/nodes/nm9f0ta16a7al5dg9igni3kle returned error: This node is not a swarm manager. Worker nodes can't be used to view or modify cluster state. Please run this command on a manager node or promote the current node to a manager."
oct. 29 17:50:38 ip-172-30-0-177 dockerd[10973]: time="2018-10-29T17:50:38.684289961Z" level=error msg="plugin not found"
oct. 29 17:50:41 ip-172-30-0-177 dockerd[10973]: time="2018-10-29T17:50:41.538687394Z" level=error msg="plugin not found"
oct. 29 17:51:01 ip-172-30-0-177 dockerd[10973]: time="2018-10-29T17:51:01.786372698Z" level=warning msg="b0dcd328312153247f14cf38f7cc0b46e61fbdf7ffe271142a49aa84e5ac8939 unmountVolumes: Failed to do lazy umount fo volume '/var/lib/docker/devicemapper/mnt/f766316b9ef995b9a35309893791a0239fd2ab01204421dd45cbe726c9e3607c/rootfs/run/docker.sock': no such file or directory"
oct. 29 17:51:37 ip-172-30-0-177 dockerd[10973]: time="2018-10-29T17:51:37.447108057Z" level=error msg="plugin not found"
oct. 29 17:51:38 ip-172-30-0-177 dockerd[10973]: time="2018-10-29T17:51:38.681499774Z" level=error msg="Error getting node nm9f0ta16a7al5dg9igni3kle: This node is not a swarm manager. Worker nodes can't be used to view or modify cluster state. Please run this command on a manager node or promote the current node to a manager."
oct. 29 17:51:38 ip-172-30-0-177 dockerd[10973]: time="2018-10-29T17:51:38.681545056Z" level=error msg="Handler for GET /v1.24/nodes/nm9f0ta16a7al5dg9igni3kle returned error: This node is not a swarm manager. Worker nodes can't be used to view or modify cluster state. Please run this command on a manager node or promote the current node to a manager."
oct. 29 17:51:38 ip-172-30-0-177 dockerd[10973]: time="2018-10-29T17:51:38.684899176Z" level=error msg="plugin not found"
oct. 29 17:52:16 ip-172-30-0-177 dockerd[10973]: time="2018-10-29T17:52:16.449635822Z" level=error msg="plugin not found"