{"level":"info","msg":"Configuring node as agent with the following SANs: [meetup42-ucp-elb-953301250.eu-west-1.elb.amazonaws.com 34.244.19.237 kubernetes.default.svc ip-172-30-0-10 10.96.0.1 proxy.local kubernetes.default 172.30.0.10 localhost riqqpk8e3rbfkq9hyahq5oc9t 172.17.0.1 kubernetes kubernetes.default.svc.cluster.local 127.0.0.1]","time":"2018-10-29T17:50:59Z"}
{"level":"info","msg":"Reconciling state of component Docker Proxy","time":"2018-10-29T17:50:59Z"}
{"level":"info","msg":"Reconciling state of component Certificates","time":"2018-10-29T17:50:59Z"}
{"level":"info","msg":"Reconciling state of component Concurrent [Client CA Cluster CA Analytics prometheus Kubelet Kubernetes Proxy Concurrent [ucp-agent-service ucp-agent-win-service ucp-agent-s390x-service] interlockservice [etcd Exclusive RethinkDB etcdmigration eNZi Secret Concurrent [Swarm-Classic Manager Concurrent [eNZi API x86_64 service eNZi API s390x service] Concurrent [eNZi Worker x86_64 service eNZi Worker s390x service] Kubernetes Scheduler Kubernetes Controller Manager]]]","time":"2018-10-29T17:50:59Z"}
{"level":"info","msg":"Reconciling components [etcd Exclusive RethinkDB etcdmigration eNZi Secret Concurrent [Swarm-Classic Manager Concurrent [eNZi API x86_64 service eNZi API s390x service] Concurrent [eNZi Worker x86_64 service eNZi Worker s390x service] Kubernetes Scheduler Kubernetes Controller Manager]]","time":"2018-10-29T17:50:59Z"}
{"level":"info","msg":"successfully reconciled state of prometheus component","time":"2018-10-29T17:50:59Z"}
{"level":"info","msg":"Reconciling state of component etcd","time":"2018-10-29T17:50:59Z"}
{"level":"info","msg":"successfully reconciled state of Client CA component","time":"2018-10-29T17:50:59Z"}
{"level":"info","msg":"Reconciling state of component Exclusive RethinkDB","time":"2018-10-29T17:50:59Z"}
{"level":"info","msg":"successfully reconciled state of Cluster CA component","time":"2018-10-29T17:50:59Z"}
{"level":"info","msg":"Reconciling state of component etcdmigration","time":"2018-10-29T17:50:59Z"}
{"level":"info","msg":"successfully reconciled state of Kubernetes Proxy component","time":"2018-10-29T17:50:59Z"}
{"level":"info","msg":"successfully reconciled state of Kubelet component","time":"2018-10-29T17:50:59Z"}
{"level":"info","msg":"successfully reconciled state of ucp-agent-s390x-service component. This component will enable UCP on s390x linux nodes if they are added to the cluster","time":"2018-10-29T17:50:59Z"}
{"level":"info","msg":"successfully reconciled state of ucp-agent-service component. This component will enable UCP on x86_64 linux nodes if they are added to the cluster","time":"2018-10-29T17:50:59Z"}
{"level":"info","msg":"successfully reconciled state of ucp-agent-win-service component. This component will enable UCP on x86_64 windows nodes if they are added to the cluster","time":"2018-10-29T17:50:59Z"}
{"level":"info","msg":"successfully reconciled state of Concurrent [ucp-agent-service ucp-agent-win-service ucp-agent-s390x-service] component","time":"2018-10-29T17:50:59Z"}
{"level":"info","msg":"successfully reconciled state of interlockservice component. This component will enable the interlock load balancing solution on the UCP cluster.","time":"2018-10-29T17:50:59Z"}
{"level":"info","msg":"successfully reconciled state of Analytics component","time":"2018-10-29T17:50:59Z"}
{"level":"info","msg":"Reconciling state of component eNZi Secret","time":"2018-10-29T17:51:01Z"}
{"level":"info","msg":"Reconciling state of component Concurrent [Swarm-Classic Manager Concurrent [eNZi API x86_64 service eNZi API s390x service] Concurrent [eNZi Worker x86_64 service eNZi Worker s390x service] Kubernetes Scheduler Kubernetes Controller Manager]","time":"2018-10-29T17:51:01Z"}
{"level":"info","msg":"successfully reconciled state of Kubernetes Controller Manager component","time":"2018-10-29T17:51:01Z"}
{"level":"info","msg":"successfully reconciled state of Swarm-Classic Manager component","time":"2018-10-29T17:51:01Z"}
{"level":"info","msg":"successfully reconciled state of eNZi API s390x service component. This component will enable eNZi API servers on s390x linux nodes if they are added to the cluster","time":"2018-10-29T17:51:01Z"}
{"level":"info","msg":"successfully reconciled state of Kubernetes Scheduler component","time":"2018-10-29T17:51:01Z"}
{"level":"info","msg":"successfully reconciled state of eNZi Worker s390x service component. This component will enable eNZi workers on s390x linux nodes if they are added to the cluster","time":"2018-10-29T17:51:01Z"}
{"level":"info","msg":"successfully reconciled state of eNZi Worker x86_64 service component. This component will enable eNZi workers on x86_64 linux nodes if they are added to the cluster","time":"2018-10-29T17:51:01Z"}
{"level":"info","msg":"successfully reconciled state of Concurrent [eNZi Worker x86_64 service eNZi Worker s390x service] component","time":"2018-10-29T17:51:01Z"}
{"level":"info","msg":"successfully reconciled state of eNZi API x86_64 service component. This component will enable eNZi API servers on x86_64 linux nodes if they are added to the cluster","time":"2018-10-29T17:51:01Z"}
{"level":"info","msg":"successfully reconciled state of Concurrent [eNZi API x86_64 service eNZi API s390x service] component","time":"2018-10-29T17:51:01Z"}
{"level":"info","msg":"successfully reconciled state of [etcd Exclusive RethinkDB etcdmigration eNZi Secret Concurrent [Swarm-Classic Manager Concurrent [eNZi API x86_64 service eNZi API s390x service] Concurrent [eNZi Worker x86_64 service eNZi Worker s390x service] Kubernetes Scheduler Kubernetes Controller Manager]] component","time":"2018-10-29T17:51:01Z"}
{"level":"info","msg":"Reconciling state of component Concurrent [Kubernetes API Server UCP Controller]","time":"2018-10-29T17:51:01Z"}
{"level":"info","msg":"successfully reconciled state of UCP Controller component","time":"2018-10-29T17:51:01Z"}
{"level":"info","msg":"successfully reconciled state of Kubernetes API Server component","time":"2018-10-29T17:51:01Z"}
{"level":"info","msg":"Reconciling state of component Kubernetes CNI Plugin","time":"2018-10-29T17:51:01Z"}
{"level":"info","msg":"Deploying addon calico","time":"2018-10-29T17:51:01Z"}
{"level":"info","msg":"Waiting for kubernetes node ip-172-30-0-10 to become ready","time":"2018-10-29T17:51:05Z"}
{"level":"info","msg":"Addon calico was deployed successfully","time":"2018-10-29T17:51:05Z"}
{"level":"info","msg":"Reconciling state of component Kubernetes addons","time":"2018-10-29T17:51:05Z"}
{"level":"info","msg":"Deploying addon compose","time":"2018-10-29T17:51:05Z"}
{"level":"info","msg":"Deploying addon kubedns","time":"2018-10-29T17:51:07Z"}
{"level":"info","msg":"Addon kubedns was deployed successfully","time":"2018-10-29T17:51:09Z"}
{"level":"info","msg":"Addon compose was deployed successfully","time":"2018-10-29T17:51:09Z"}