time="2018-10-29T17:47:09Z" level=info msg="Initializing discovery with TLS" 
time="2018-10-29T17:47:09Z" level=info msg="Listening for HTTP" addr=":2375" proto=tcp 
time="2018-10-29T17:47:09Z" level=info msg="Leader Election: Cluster leadership lost" 
time="2018-10-29T17:47:09Z" level=info msg="Leader Election: Cluster leadership acquired" 
time="2018-10-29T17:47:09Z" level=info msg="New leader elected: 172.30.0.10:2376" 
time="2018-10-29T17:47:09Z" level=info msg="Registered Engine ip-172-30-0-10 at 172.30.0.10:12376" 
time="2018-10-29T17:48:48Z" level=error msg="HTTP error: No such container 3e19887dc3b5" status=404 
time="2018-10-29T17:48:48Z" level=error msg="HTTP error: Unable to find a node that satisfies the following conditions \n[port 443 (Bridge mode) port 80 (Bridge mode)]" status=500 
time="2018-10-29T17:48:49Z" level=error msg="HTTP error: Unable to find a node that satisfies the following conditions \n[port 443 (Bridge mode) port 80 (Bridge mode)]" status=500 
time="2018-10-29T17:48:50Z" level=error msg="HTTP error: Unable to find a node that satisfies the following conditions \n[port 443 (Bridge mode) port 80 (Bridge mode)]" status=500 
time="2018-10-29T17:48:51Z" level=error msg="HTTP error: Unable to find a node that satisfies the following conditions \n[port 443 (Bridge mode) port 80 (Bridge mode)]" status=500 
time="2018-10-29T17:48:52Z" level=error msg="HTTP error: Unable to find a node that satisfies the following conditions \n[port 443 (Bridge mode) port 80 (Bridge mode)]" status=500 
time="2018-10-29T17:48:54Z" level=error msg="HTTP error: Unable to find a node that satisfies the following conditions \n[port 80 (Bridge mode) port 443 (Bridge mode)]" status=500 
time="2018-10-29T17:48:55Z" level=error msg="HTTP error: Unable to find a node that satisfies the following conditions \n[port 443 (Bridge mode) port 80 (Bridge mode)]" status=500 
time="2018-10-29T17:48:56Z" level=error msg="HTTP error: Unable to find a node that satisfies the following conditions \n[port 443 (Bridge mode) port 80 (Bridge mode)]" status=500 
time="2018-10-29T17:48:57Z" level=error msg="HTTP error: Unable to find a node that satisfies the following conditions \n[port 443 (Bridge mode) port 80 (Bridge mode)]" status=500 
time="2018-10-29T17:48:58Z" level=error msg="HTTP error: Unable to find a node that satisfies the following conditions \n[port 443 (Bridge mode) port 80 (Bridge mode)]" status=500 
time="2018-10-29T17:48:59Z" level=info msg="Registered Engine ip-172-30-0-177 at 172.30.0.177:12376" 
time="2018-10-29T17:48:59Z" level=info msg="Registered Engine ip-172-30-0-238 at 172.30.0.238:12376" 
time="2018-10-29T17:49:03Z" level=error msg="HTTP error: No such container b0e4a351b924dd307e59dda8d8023b3c8ce49732c128f40d09b418431abd9e13" status=404 
time="2018-10-29T17:49:03Z" level=error msg="HTTP error: No such volume: ip-172-30-0-238/dtr-ca-124d8d91cccc" status=404 
time="2018-10-29T17:49:04Z" level=error msg="HTTP error: No such container dtr-phase2" status=404 
time="2018-10-29T17:49:06Z" level=error msg="HTTP error: No such network: dtr-ol" status=404 
time="2018-10-29T17:49:06Z" level=error msg="HTTP error: No such volume: ip-172-30-0-238/dtr-rethink-124d8d91cccc" status=404 
time="2018-10-29T17:49:07Z" level=error msg="HTTP error: No such volume: ip-172-30-0-238/dtr-postgres-124d8d91cccc" status=404 
time="2018-10-29T17:49:07Z" level=error msg="HTTP error: No such volume: ip-172-30-0-238/dtr-registry-124d8d91cccc" status=404 
time="2018-10-29T17:49:07Z" level=error msg="HTTP error: No such container dtr-rethinkdb-124d8d91cccc" status=404 
time="2018-10-29T17:49:07Z" level=error msg="HTTP error: No such container dtr-rethinkdb-124d8d91cccc-next" status=404 
time="2018-10-29T17:49:07Z" level=error msg="HTTP error: No such container dtr-rethinkdb-124d8d91cccc-previous" status=404 
time="2018-10-29T17:49:12Z" level=error msg="HTTP error: No such container dtr-rethinkdb-124d8d91cccc-next" status=404 
time="2018-10-29T17:49:12Z" level=error msg="HTTP error: No such container dtr-rethinkdb-124d8d91cccc-previous" status=404 
time="2018-10-29T17:49:14Z" level=error msg="HTTP error: No such container dtr-rethinkdb-124d8d91cccc-next" status=404 
time="2018-10-29T17:49:14Z" level=error msg="HTTP error: No such container dtr-rethinkdb-124d8d91cccc-previous" status=404 
time="2018-10-29T17:49:25Z" level=error msg="HTTP error: No such container dtr-registry-124d8d91cccc" status=404 
time="2018-10-29T17:49:25Z" level=error msg="HTTP error: No such container dtr-rethinkdb-124d8d91cccc-next" status=404 
time="2018-10-29T17:49:25Z" level=error msg="HTTP error: No such container dtr-rethinkdb-124d8d91cccc-previous" status=404 
time="2018-10-29T17:49:25Z" level=error msg="HTTP error: No such container dtr-rethinkdb-124d8d91cccc-next" status=404 
time="2018-10-29T17:49:25Z" level=error msg="HTTP error: No such container dtr-rethinkdb-124d8d91cccc-previous" status=404 
time="2018-10-29T17:49:25Z" level=error msg="HTTP error: No such container dtr-rethinkdb-124d8d91cccc-previous" status=404 
time="2018-10-29T17:49:26Z" level=error msg="HTTP error: No such container dtr-rethinkdb-124d8d91cccc-previous" status=404 
time="2018-10-29T17:49:26Z" level=error msg="HTTP error: No such container dtr-rethinkdb-124d8d91cccc-previous" status=404 
time="2018-10-29T17:49:26Z" level=error msg="HTTP error: No such container dtr-rethinkdb-124d8d91cccc" status=404 
time="2018-10-29T17:49:26Z" level=error msg="HTTP error: No such container dtr-rethinkdb-124d8d91cccc-next" status=404 
time="2018-10-29T17:49:28Z" level=error msg="HTTP error: No such container dtr-rethinkdb-124d8d91cccc-next" status=404 
time="2018-10-29T17:49:30Z" level=error msg="HTTP error: No such container dtr-rethinkdb-124d8d91cccc-previous" status=404 
time="2018-10-29T17:49:30Z" level=error msg="HTTP error: No such container dtr-rethinkdb-124d8d91cccc-next" status=404 
time="2018-10-29T17:49:30Z" level=error msg="HTTP error: No such container dtr-rethinkdb-124d8d91cccc-previous" status=404 
time="2018-10-29T17:49:30Z" level=error msg="HTTP error: No such container dtr-registry-124d8d91cccc" status=404 
time="2018-10-29T17:49:30Z" level=error msg="HTTP error: No such container dtr-registry-124d8d91cccc" status=404 
time="2018-10-29T17:49:30Z" level=error msg="HTTP error: No such container dtr-registry-124d8d91cccc" status=404 
time="2018-10-29T17:49:30Z" level=error msg="HTTP error: No such container dtr-registry-124d8d91cccc-next" status=404 
time="2018-10-29T17:49:30Z" level=error msg="HTTP error: No such container dtr-registry-124d8d91cccc-previous" status=404 
time="2018-10-29T17:49:30Z" level=error msg="HTTP error: No such container dtr-registry-124d8d91cccc" status=404 
time="2018-10-29T17:49:30Z" level=error msg="HTTP error: No such container dtr-registry-124d8d91cccc-next" status=404 
time="2018-10-29T17:49:30Z" level=error msg="HTTP error: No such container dtr-registry-124d8d91cccc-previous" status=404 
time="2018-10-29T17:49:33Z" level=error msg="HTTP error: No such container dtr-registry-124d8d91cccc-next" status=404 
time="2018-10-29T17:49:33Z" level=error msg="HTTP error: No such container dtr-registry-124d8d91cccc-previous" status=404 
time="2018-10-29T17:49:33Z" level=error msg="HTTP error: No such container dtr-registry-124d8d91cccc-next" status=404 
time="2018-10-29T17:49:33Z" level=error msg="HTTP error: No such container dtr-registry-124d8d91cccc-previous" status=404 
time="2018-10-29T17:49:35Z" level=error msg="HTTP error: No such container dtr-registry-124d8d91cccc-next" status=404 
time="2018-10-29T17:49:35Z" level=error msg="HTTP error: No such container dtr-registry-124d8d91cccc-previous" status=404 
time="2018-10-29T17:49:35Z" level=error msg="HTTP error: No such container dtr-garant-124d8d91cccc" status=404 
time="2018-10-29T17:49:35Z" level=error msg="HTTP error: No such container dtr-garant-124d8d91cccc" status=404 
time="2018-10-29T17:49:35Z" level=error msg="HTTP error: No such container dtr-garant-124d8d91cccc" status=404 
time="2018-10-29T17:49:35Z" level=error msg="HTTP error: No such container dtr-garant-124d8d91cccc-next" status=404 
time="2018-10-29T17:49:35Z" level=error msg="HTTP error: No such container dtr-garant-124d8d91cccc-previous" status=404 
time="2018-10-29T17:49:35Z" level=error msg="HTTP error: No such container dtr-garant-124d8d91cccc" status=404 
time="2018-10-29T17:49:35Z" level=error msg="HTTP error: No such container dtr-garant-124d8d91cccc-next" status=404 
time="2018-10-29T17:49:35Z" level=error msg="HTTP error: No such container dtr-garant-124d8d91cccc-previous" status=404 
time="2018-10-29T17:49:38Z" level=error msg="HTTP error: No such container dtr-garant-124d8d91cccc-next" status=404 
time="2018-10-29T17:49:38Z" level=error msg="HTTP error: No such container dtr-garant-124d8d91cccc-previous" status=404 
time="2018-10-29T17:49:38Z" level=error msg="HTTP error: No such container dtr-garant-124d8d91cccc-next" status=404 
time="2018-10-29T17:49:38Z" level=error msg="HTTP error: No such container dtr-garant-124d8d91cccc-previous" status=404 
time="2018-10-29T17:49:40Z" level=error msg="HTTP error: No such container dtr-garant-124d8d91cccc-next" status=404 
time="2018-10-29T17:49:40Z" level=error msg="HTTP error: No such container dtr-garant-124d8d91cccc-previous" status=404 
time="2018-10-29T17:49:40Z" level=error msg="HTTP error: No such container dtr-api-124d8d91cccc" status=404 
time="2018-10-29T17:49:40Z" level=error msg="HTTP error: No such container dtr-api-124d8d91cccc" status=404 
time="2018-10-29T17:49:40Z" level=error msg="HTTP error: No such container dtr-api-124d8d91cccc" status=404 
time="2018-10-29T17:49:40Z" level=error msg="HTTP error: No such container dtr-api-124d8d91cccc-next" status=404 
time="2018-10-29T17:49:40Z" level=error msg="HTTP error: No such container dtr-api-124d8d91cccc-previous" status=404 
time="2018-10-29T17:49:40Z" level=error msg="HTTP error: No such container dtr-api-124d8d91cccc" status=404 
time="2018-10-29T17:49:40Z" level=error msg="HTTP error: No such container dtr-api-124d8d91cccc-next" status=404 
time="2018-10-29T17:49:40Z" level=error msg="HTTP error: No such container dtr-api-124d8d91cccc-previous" status=404 
time="2018-10-29T17:50:05Z" level=error msg="HTTP error: No such container dtr-api-124d8d91cccc-next" status=404 
time="2018-10-29T17:50:05Z" level=error msg="HTTP error: No such container dtr-api-124d8d91cccc-previous" status=404 
time="2018-10-29T17:50:05Z" level=error msg="HTTP error: No such container dtr-api-124d8d91cccc-next" status=404 
time="2018-10-29T17:50:05Z" level=error msg="HTTP error: No such container dtr-api-124d8d91cccc-previous" status=404 
time="2018-10-29T17:50:06Z" level=error msg="HTTP error: No such container dtr-api-124d8d91cccc-next" status=404 
time="2018-10-29T17:50:07Z" level=error msg="HTTP error: No such container dtr-api-124d8d91cccc-previous" status=404 
time="2018-10-29T17:50:07Z" level=error msg="HTTP error: No such container dtr-notary-server-124d8d91cccc" status=404 
time="2018-10-29T17:50:07Z" level=error msg="HTTP error: No such container dtr-notary-server-124d8d91cccc" status=404 
time="2018-10-29T17:50:07Z" level=error msg="HTTP error: No such container dtr-notary-server-124d8d91cccc" status=404 
time="2018-10-29T17:50:07Z" level=error msg="HTTP error: No such container dtr-notary-server-124d8d91cccc-next" status=404 
time="2018-10-29T17:50:07Z" level=error msg="HTTP error: No such container dtr-notary-server-124d8d91cccc-previous" status=404 
time="2018-10-29T17:50:07Z" level=error msg="HTTP error: No such container dtr-notary-server-124d8d91cccc" status=404 
time="2018-10-29T17:50:07Z" level=error msg="HTTP error: No such container dtr-notary-server-124d8d91cccc-next" status=404 
time="2018-10-29T17:50:07Z" level=error msg="HTTP error: No such container dtr-notary-server-124d8d91cccc-previous" status=404 
time="2018-10-29T17:50:10Z" level=error msg="HTTP error: No such container dtr-notary-server-124d8d91cccc-next" status=404 
time="2018-10-29T17:50:10Z" level=error msg="HTTP error: No such container dtr-notary-server-124d8d91cccc-previous" status=404 
time="2018-10-29T17:50:10Z" level=error msg="HTTP error: No such container dtr-notary-server-124d8d91cccc-next" status=404 
time="2018-10-29T17:50:10Z" level=error msg="HTTP error: No such container dtr-notary-server-124d8d91cccc-previous" status=404 
time="2018-10-29T17:50:12Z" level=error msg="HTTP error: No such container dtr-notary-server-124d8d91cccc-next" status=404 
time="2018-10-29T17:50:12Z" level=error msg="HTTP error: No such container dtr-notary-server-124d8d91cccc-previous" status=404 
time="2018-10-29T17:50:12Z" level=error msg="HTTP error: No such container dtr-nginx-124d8d91cccc" status=404 
time="2018-10-29T17:50:12Z" level=error msg="HTTP error: No such container dtr-nginx-124d8d91cccc" status=404 
time="2018-10-29T17:50:12Z" level=error msg="HTTP error: No such container dtr-nginx-124d8d91cccc" status=404 
time="2018-10-29T17:50:18Z" level=error msg="HTTP error: No such container dtr-jobrunner-124d8d91cccc" status=404 
time="2018-10-29T17:50:18Z" level=error msg="HTTP error: No such container dtr-jobrunner-124d8d91cccc" status=404 
time="2018-10-29T17:50:18Z" level=error msg="HTTP error: No such container dtr-jobrunner-124d8d91cccc" status=404 
time="2018-10-29T17:50:18Z" level=error msg="HTTP error: No such container dtr-jobrunner-124d8d91cccc-next" status=404 
time="2018-10-29T17:50:18Z" level=error msg="HTTP error: No such container dtr-jobrunner-124d8d91cccc-previous" status=404 
time="2018-10-29T17:50:18Z" level=error msg="HTTP error: No such container dtr-jobrunner-124d8d91cccc" status=404 
time="2018-10-29T17:50:18Z" level=error msg="HTTP error: No such container dtr-jobrunner-124d8d91cccc-next" status=404 
time="2018-10-29T17:50:18Z" level=error msg="HTTP error: No such container dtr-jobrunner-124d8d91cccc-previous" status=404 
time="2018-10-29T17:50:42Z" level=error msg="HTTP error: No such container dtr-jobrunner-124d8d91cccc-next" status=404 
time="2018-10-29T17:50:42Z" level=error msg="HTTP error: No such container dtr-jobrunner-124d8d91cccc-previous" status=404 
time="2018-10-29T17:50:42Z" level=error msg="HTTP error: No such container dtr-jobrunner-124d8d91cccc-next" status=404 
time="2018-10-29T17:50:42Z" level=error msg="HTTP error: No such container dtr-jobrunner-124d8d91cccc-previous" status=404 
time="2018-10-29T17:50:43Z" level=error msg="HTTP error: No such container dtr-jobrunner-124d8d91cccc-next" status=404 
time="2018-10-29T17:50:43Z" level=error msg="HTTP error: No such container dtr-jobrunner-124d8d91cccc-previous" status=404 
time="2018-10-29T17:50:43Z" level=error msg="HTTP error: No such container dtr-notary-signer-124d8d91cccc" status=404 
time="2018-10-29T17:50:43Z" level=error msg="HTTP error: No such container dtr-notary-signer-124d8d91cccc" status=404 
time="2018-10-29T17:50:43Z" level=error msg="HTTP error: No such container dtr-notary-signer-124d8d91cccc" status=404 
time="2018-10-29T17:50:43Z" level=error msg="HTTP error: No such container dtr-notary-signer-124d8d91cccc-next" status=404 
time="2018-10-29T17:50:43Z" level=error msg="HTTP error: No such container dtr-notary-signer-124d8d91cccc-previous" status=404 
time="2018-10-29T17:50:43Z" level=error msg="HTTP error: No such container dtr-notary-signer-124d8d91cccc" status=404 
time="2018-10-29T17:50:43Z" level=error msg="HTTP error: No such container dtr-notary-signer-124d8d91cccc-next" status=404 
time="2018-10-29T17:50:43Z" level=error msg="HTTP error: No such container dtr-notary-signer-124d8d91cccc-previous" status=404 
time="2018-10-29T17:50:46Z" level=error msg="HTTP error: No such container dtr-notary-signer-124d8d91cccc-next" status=404 
time="2018-10-29T17:50:46Z" level=error msg="HTTP error: No such container dtr-notary-signer-124d8d91cccc-previous" status=404 
time="2018-10-29T17:50:47Z" level=error msg="HTTP error: No such container dtr-notary-signer-124d8d91cccc-next" status=404 
time="2018-10-29T17:50:47Z" level=error msg="HTTP error: No such container dtr-notary-signer-124d8d91cccc-previous" status=404 
time="2018-10-29T17:50:48Z" level=error msg="HTTP error: No such container dtr-notary-signer-124d8d91cccc-next" status=404 
time="2018-10-29T17:50:48Z" level=error msg="HTTP error: No such container dtr-notary-signer-124d8d91cccc-previous" status=404 
time="2018-10-29T17:50:48Z" level=error msg="HTTP error: No such container dtr-scanningstore-124d8d91cccc" status=404 
time="2018-10-29T17:50:48Z" level=error msg="HTTP error: No such container dtr-scanningstore-124d8d91cccc" status=404 
time="2018-10-29T17:50:48Z" level=error msg="HTTP error: No such container dtr-scanningstore-124d8d91cccc" status=404 
time="2018-10-29T17:50:48Z" level=error msg="HTTP error: No such container dtr-scanningstore-124d8d91cccc-next" status=404 
time="2018-10-29T17:50:48Z" level=error msg="HTTP error: No such container dtr-scanningstore-124d8d91cccc-previous" status=404 
time="2018-10-29T17:50:48Z" level=error msg="HTTP error: No such container dtr-scanningstore-124d8d91cccc" status=404 
time="2018-10-29T17:50:48Z" level=error msg="HTTP error: No such container dtr-scanningstore-124d8d91cccc-next" status=404 
time="2018-10-29T17:50:48Z" level=error msg="HTTP error: No such container dtr-scanningstore-124d8d91cccc-previous" status=404 
time="2018-10-29T17:50:53Z" level=error msg="HTTP error: No such container dtr-scanningstore-124d8d91cccc-next" status=404 
time="2018-10-29T17:50:53Z" level=error msg="HTTP error: No such container dtr-scanningstore-124d8d91cccc-previous" status=404 
time="2018-10-29T17:50:53Z" level=error msg="HTTP error: No such container dtr-scanningstore-124d8d91cccc-next" status=404 
time="2018-10-29T17:50:53Z" level=error msg="HTTP error: No such container dtr-scanningstore-124d8d91cccc-previous" status=404 
time="2018-10-29T17:50:54Z" level=error msg="HTTP error: No such container dtr-scanningstore-124d8d91cccc-next" status=404 
time="2018-10-29T17:50:54Z" level=error msg="HTTP error: No such container dtr-scanningstore-124d8d91cccc-previous" status=404 
time="2018-10-29T17:50:57Z" level=error msg="HTTP error: No such container c55edea5df86e654a9d022aa61a6025a2cb42dc1376dc7597d4d5da9dc4afb24" status=404 
time="2018-10-29T17:51:04Z" level=error msg="HTTP error: No such container dtr-phase2" status=404 
time="2018-10-29T17:51:12Z" level=error msg="HTTP error: No such container dtr-rethinkdb-124d8d91cccc-next" status=404 
time="2018-10-29T17:51:12Z" level=error msg="HTTP error: No such container dtr-rethinkdb-124d8d91cccc-previous" status=404 
time="2018-10-29T17:51:13Z" level=error msg="HTTP error: No such container dtr-rethinkdb-124d8d91cccc-next" status=404 
time="2018-10-29T17:51:13Z" level=error msg="HTTP error: No such container dtr-rethinkdb-124d8d91cccc-previous" status=404 
time="2018-10-29T17:51:13Z" level=error msg="HTTP error: No such container dtr-rethinkdb-124d8d91cccc-next" status=404 
time="2018-10-29T17:51:13Z" level=error msg="HTTP error: No such container dtr-rethinkdb-124d8d91cccc-previous" status=404 
time="2018-10-29T17:51:14Z" level=error msg="HTTP error: No such container dtr-rethinkdb-124d8d91cccc-previous" status=404 
time="2018-10-29T17:51:14Z" level=error msg="HTTP error: No such container dtr-rethinkdb-124d8d91cccc-previous" status=404 
time="2018-10-29T17:51:15Z" level=error msg="HTTP error: No such container dtr-rethinkdb-124d8d91cccc-previous" status=404 
time="2018-10-29T17:51:15Z" level=error msg="HTTP error: No such container dtr-rethinkdb-124d8d91cccc" status=404 
time="2018-10-29T17:51:15Z" level=error msg="HTTP error: No such container dtr-rethinkdb-124d8d91cccc-next" status=404 
time="2018-10-29T17:51:17Z" level=error msg="HTTP error: No such container dtr-rethinkdb-124d8d91cccc-next" status=404 
time="2018-10-29T17:51:19Z" level=error msg="HTTP error: No such container dtr-rethinkdb-124d8d91cccc-previous" status=404 
time="2018-10-29T17:51:19Z" level=error msg="HTTP error: No such container dtr-rethinkdb-124d8d91cccc-next" status=404 
time="2018-10-29T17:51:19Z" level=error msg="HTTP error: No such container dtr-rethinkdb-124d8d91cccc-previous" status=404 
time="2018-10-29T17:51:19Z" level=error msg="HTTP error: No such container dtr-registry-124d8d91cccc-next" status=404 
time="2018-10-29T17:51:19Z" level=error msg="HTTP error: No such container dtr-registry-124d8d91cccc-previous" status=404 
time="2018-10-29T17:51:19Z" level=error msg="HTTP error: No such container dtr-registry-124d8d91cccc-next" status=404 
time="2018-10-29T17:51:19Z" level=error msg="HTTP error: No such container dtr-registry-124d8d91cccc-previous" status=404 
time="2018-10-29T17:51:20Z" level=error msg="HTTP error: No such container dtr-registry-124d8d91cccc-previous" status=404 
time="2018-10-29T17:51:20Z" level=error msg="HTTP error: No such container dtr-registry-124d8d91cccc-previous" status=404 
time="2018-10-29T17:51:21Z" level=error msg="HTTP error: No such container dtr-registry-124d8d91cccc-previous" status=404 
time="2018-10-29T17:51:21Z" level=error msg="HTTP error: No such container dtr-registry-124d8d91cccc" status=404 
time="2018-10-29T17:51:21Z" level=error msg="HTTP error: No such container dtr-registry-124d8d91cccc-next" status=404 
time="2018-10-29T17:51:23Z" level=error msg="HTTP error: No such container dtr-registry-124d8d91cccc-next" status=404 
time="2018-10-29T17:51:24Z" level=error msg="HTTP error: No such container dtr-registry-124d8d91cccc-previous" status=404 
time="2018-10-29T17:51:24Z" level=error msg="HTTP error: No such container dtr-registry-124d8d91cccc-next" status=404 
time="2018-10-29T17:51:24Z" level=error msg="HTTP error: No such container dtr-registry-124d8d91cccc-previous" status=404 
time="2018-10-29T17:51:25Z" level=error msg="HTTP error: No such container dtr-garant-124d8d91cccc-next" status=404 
time="2018-10-29T17:51:25Z" level=error msg="HTTP error: No such container dtr-garant-124d8d91cccc-previous" status=404 
time="2018-10-29T17:51:25Z" level=error msg="HTTP error: No such container dtr-garant-124d8d91cccc-next" status=404 
time="2018-10-29T17:51:25Z" level=error msg="HTTP error: No such container dtr-garant-124d8d91cccc-previous" status=404 
time="2018-10-29T17:51:25Z" level=error msg="HTTP error: No such container dtr-garant-124d8d91cccc-previous" status=404 
time="2018-10-29T17:51:25Z" level=error msg="HTTP error: No such container dtr-garant-124d8d91cccc-previous" status=404 
time="2018-10-29T17:51:26Z" level=error msg="HTTP error: No such container dtr-garant-124d8d91cccc-previous" status=404 
time="2018-10-29T17:51:26Z" level=error msg="HTTP error: No such container dtr-garant-124d8d91cccc" status=404 
time="2018-10-29T17:51:26Z" level=error msg="HTTP error: No such container dtr-garant-124d8d91cccc-next" status=404 
time="2018-10-29T17:51:28Z" level=error msg="HTTP error: No such container dtr-garant-124d8d91cccc-next" status=404 
time="2018-10-29T17:51:29Z" level=error msg="HTTP error: No such container dtr-garant-124d8d91cccc-previous" status=404 
time="2018-10-29T17:51:29Z" level=error msg="HTTP error: No such container dtr-garant-124d8d91cccc-next" status=404 
time="2018-10-29T17:51:29Z" level=error msg="HTTP error: No such container dtr-garant-124d8d91cccc-previous" status=404 
time="2018-10-29T17:51:29Z" level=error msg="HTTP error: No such container dtr-api-124d8d91cccc-next" status=404 
time="2018-10-29T17:51:29Z" level=error msg="HTTP error: No such container dtr-api-124d8d91cccc-previous" status=404 
time="2018-10-29T17:51:29Z" level=error msg="HTTP error: No such container dtr-api-124d8d91cccc-next" status=404 
time="2018-10-29T17:51:29Z" level=error msg="HTTP error: No such container dtr-api-124d8d91cccc-previous" status=404 
time="2018-10-29T17:51:30Z" level=error msg="HTTP error: No such container dtr-api-124d8d91cccc-previous" status=404 
time="2018-10-29T17:51:30Z" level=error msg="HTTP error: No such container dtr-api-124d8d91cccc-previous" status=404 
time="2018-10-29T17:51:32Z" level=error msg="HTTP error: No such container dtr-api-124d8d91cccc-previous" status=404 
time="2018-10-29T17:51:32Z" level=error msg="HTTP error: No such container dtr-api-124d8d91cccc" status=404 
time="2018-10-29T17:51:32Z" level=error msg="HTTP error: No such container dtr-api-124d8d91cccc-next" status=404 
time="2018-10-29T17:51:34Z" level=error msg="HTTP error: No such container dtr-api-124d8d91cccc-next" status=404 
time="2018-10-29T17:51:35Z" level=error msg="HTTP error: No such container dtr-api-124d8d91cccc-previous" status=404 
time="2018-10-29T17:51:35Z" level=error msg="HTTP error: No such container dtr-api-124d8d91cccc-next" status=404 
time="2018-10-29T17:51:35Z" level=error msg="HTTP error: No such container dtr-api-124d8d91cccc-previous" status=404 
time="2018-10-29T17:51:35Z" level=error msg="HTTP error: No such container dtr-notary-server-124d8d91cccc-next" status=404 
time="2018-10-29T17:51:35Z" level=error msg="HTTP error: No such container dtr-notary-server-124d8d91cccc-previous" status=404 
time="2018-10-29T17:51:35Z" level=error msg="HTTP error: No such container dtr-notary-server-124d8d91cccc-next" status=404 
time="2018-10-29T17:51:35Z" level=error msg="HTTP error: No such container dtr-notary-server-124d8d91cccc-previous" status=404 
time="2018-10-29T17:51:36Z" level=error msg="HTTP error: No such container dtr-notary-server-124d8d91cccc-previous" status=404 
time="2018-10-29T17:51:36Z" level=error msg="HTTP error: No such container dtr-notary-server-124d8d91cccc-previous" status=404 
time="2018-10-29T17:51:36Z" level=error msg="HTTP error: No such container dtr-notary-server-124d8d91cccc-previous" status=404 
time="2018-10-29T17:51:37Z" level=error msg="HTTP error: No such container dtr-notary-server-124d8d91cccc" status=404 
time="2018-10-29T17:51:37Z" level=error msg="HTTP error: No such container dtr-notary-server-124d8d91cccc-next" status=404 
time="2018-10-29T17:51:39Z" level=error msg="HTTP error: No such container dtr-notary-server-124d8d91cccc-next" status=404 
time="2018-10-29T17:51:40Z" level=error msg="HTTP error: No such container dtr-notary-server-124d8d91cccc-previous" status=404 
time="2018-10-29T17:51:40Z" level=error msg="HTTP error: No such container dtr-notary-server-124d8d91cccc-next" status=404 
time="2018-10-29T17:51:40Z" level=error msg="HTTP error: No such container dtr-notary-server-124d8d91cccc-previous" status=404 
time="2018-10-29T17:51:42Z" level=error msg="HTTP error: No such container dtr-nginx-124d8d91cccc" status=404 
time="2018-10-29T17:51:44Z" level=error msg="HTTP error: No such container dtr-jobrunner-124d8d91cccc-next" status=404 
time="2018-10-29T17:51:44Z" level=error msg="HTTP error: No such container dtr-jobrunner-124d8d91cccc-previous" status=404 
time="2018-10-29T17:51:44Z" level=error msg="HTTP error: No such container dtr-jobrunner-124d8d91cccc-next" status=404 
time="2018-10-29T17:51:44Z" level=error msg="HTTP error: No such container dtr-jobrunner-124d8d91cccc-previous" status=404 
time="2018-10-29T17:51:45Z" level=error msg="HTTP error: No such container dtr-jobrunner-124d8d91cccc-previous" status=404 
time="2018-10-29T17:51:45Z" level=error msg="HTTP error: No such container dtr-jobrunner-124d8d91cccc-previous" status=404 
time="2018-10-29T17:51:45Z" level=error msg="HTTP error: No such container dtr-jobrunner-124d8d91cccc-previous" status=404 
time="2018-10-29T17:51:45Z" level=error msg="HTTP error: No such container dtr-jobrunner-124d8d91cccc" status=404 
time="2018-10-29T17:51:45Z" level=error msg="HTTP error: No such container dtr-jobrunner-124d8d91cccc-next" status=404 
time="2018-10-29T17:51:47Z" level=error msg="HTTP error: No such container dtr-jobrunner-124d8d91cccc-next" status=404 
time="2018-10-29T17:51:49Z" level=error msg="HTTP error: No such container dtr-jobrunner-124d8d91cccc-previous" status=404 
time="2018-10-29T17:51:49Z" level=error msg="HTTP error: No such container dtr-jobrunner-124d8d91cccc-next" status=404 
time="2018-10-29T17:51:49Z" level=error msg="HTTP error: No such container dtr-jobrunner-124d8d91cccc-previous" status=404 
time="2018-10-29T17:51:49Z" level=error msg="HTTP error: No such container dtr-notary-signer-124d8d91cccc-next" status=404 
time="2018-10-29T17:51:49Z" level=error msg="HTTP error: No such container dtr-notary-signer-124d8d91cccc-previous" status=404 
time="2018-10-29T17:51:49Z" level=error msg="HTTP error: No such container dtr-notary-signer-124d8d91cccc-next" status=404 
time="2018-10-29T17:51:49Z" level=error msg="HTTP error: No such container dtr-notary-signer-124d8d91cccc-previous" status=404 
time="2018-10-29T17:51:50Z" level=error msg="HTTP error: No such container dtr-notary-signer-124d8d91cccc-previous" status=404 
time="2018-10-29T17:51:50Z" level=error msg="HTTP error: No such container dtr-notary-signer-124d8d91cccc-previous" status=404 
time="2018-10-29T17:51:50Z" level=error msg="HTTP error: No such container dtr-notary-signer-124d8d91cccc-previous" status=404 
time="2018-10-29T17:51:50Z" level=error msg="HTTP error: No such container dtr-notary-signer-124d8d91cccc" status=404 
time="2018-10-29T17:51:50Z" level=error msg="HTTP error: No such container dtr-notary-signer-124d8d91cccc-next" status=404 
time="2018-10-29T17:51:52Z" level=error msg="HTTP error: No such container dtr-notary-signer-124d8d91cccc-next" status=404 
time="2018-10-29T17:51:54Z" level=error msg="HTTP error: No such container dtr-notary-signer-124d8d91cccc-previous" status=404 
time="2018-10-29T17:51:54Z" level=error msg="HTTP error: No such container dtr-notary-signer-124d8d91cccc-next" status=404 
time="2018-10-29T17:51:54Z" level=error msg="HTTP error: No such container dtr-notary-signer-124d8d91cccc-previous" status=404 
time="2018-10-29T17:51:54Z" level=error msg="HTTP error: No such container dtr-scanningstore-124d8d91cccc-next" status=404 
time="2018-10-29T17:51:54Z" level=error msg="HTTP error: No such container dtr-scanningstore-124d8d91cccc-previous" status=404 
time="2018-10-29T17:51:54Z" level=error msg="HTTP error: No such container dtr-scanningstore-124d8d91cccc-next" status=404 
time="2018-10-29T17:51:54Z" level=error msg="HTTP error: No such container dtr-scanningstore-124d8d91cccc-previous" status=404 
time="2018-10-29T17:51:55Z" level=error msg="HTTP error: No such container dtr-scanningstore-124d8d91cccc-previous" status=404 
time="2018-10-29T17:51:55Z" level=error msg="HTTP error: No such container dtr-scanningstore-124d8d91cccc-previous" status=404 
time="2018-10-29T17:51:55Z" level=error msg="HTTP error: No such container dtr-scanningstore-124d8d91cccc-previous" status=404 
time="2018-10-29T17:51:55Z" level=error msg="HTTP error: No such container dtr-scanningstore-124d8d91cccc" status=404 
time="2018-10-29T17:51:56Z" level=error msg="HTTP error: No such container dtr-scanningstore-124d8d91cccc-next" status=404 
time="2018-10-29T17:51:57Z" level=error msg="HTTP error: No such container dtr-scanningstore-124d8d91cccc-next" status=404 
time="2018-10-29T17:51:59Z" level=error msg="HTTP error: No such container dtr-scanningstore-124d8d91cccc-previous" status=404 
time="2018-10-29T17:51:59Z" level=error msg="HTTP error: No such container dtr-scanningstore-124d8d91cccc-next" status=404 
time="2018-10-29T17:51:59Z" level=error msg="HTTP error: No such container dtr-scanningstore-124d8d91cccc-previous" status=404 
time="2018-10-29T17:52:00Z" level=error msg="HTTP error: No such container f7090c6eed14f532a2a67401b5e4531fdc5a9377b5b2242c2bdb393b1d191e27" status=404 